# JRE version: OpenJDK Runtime Environment (8.0_275-b01) (build 1.8.0_275-8u275-b01-0ubuntu1~18.04-b01)
# Java VM: OpenJDK 64-Bit Server VM (25.275-b01 mixed mode linux-amd64 compressed oops)
Heap:
 PSYoungGen      total 1021952K, used 744989K [0x0000000780000000, 0x00000007c0000000, 0x00000007c0000000)
  eden space 997376K, 72% used [0x0000000780000000,0x00000007abf8f280,0x00000007bce00000)
  from space 24576K, 99% used [0x00000007bce00000,0x00000007be5f8180,0x00000007be600000)
  to   space 26624K, 0% used [0x00000007be600000,0x00000007be600000,0x00000007c0000000)
 ParOldGen       total 1260032K, used 1105949K [0x0000000700000000, 0x000000074ce80000, 0x0000000780000000)
  object space 1260032K, 87% used [0x0000000700000000,0x0000000743807518,0x000000074ce80000)
 Metaspace       used 70867K, capacity 81535K, committed 81712K, reserved 1118208K
  class space    used 9979K, capacity 12211K, committed 12336K, reserved 1048576K
GC Heap History (10 events):
Event: 78143.210 GC heap before
{Heap before GC invocations=3591 (full 8):
 PSYoungGen      total 1019904K, used 1010160K [0x0000000780000000, 0x00000007bff00000, 0x00000007c0000000)
  eden space 993280K, 100% used [0x0000000780000000,0x00000007bca00000,0x00000007bca00000)
  from space 26624K, 63% used [0x00000007be500000,0x00000007bf57c198,0x00000007bff00000)
  to   space 27136K, 0% used [0x00000007bca00000,0x00000007bca00000,0x00000007be480000)
 ParOldGen       total 1260032K, used 1058830K [0x0000000700000000, 0x000000074ce80000, 0x0000000780000000)
  object space 1260032K, 84% used [0x0000000700000000,0x0000000740a03a38,0x000000074ce80000)
 Metaspace       used 70867K, capacity 81535K, committed 81712K, reserved 1118208K
  class space    used 9979K, capacity 12211K, committed 12336K, reserved 1048576K
Event: 78143.237 GC heap after
Heap after GC invocations=3591 (full 8):
 PSYoungGen      total 1020416K, used 16272K [0x0000000780000000, 0x00000007bff80000, 0x00000007c0000000)
  eden space 993280K, 0% used [0x0000000780000000,0x0000000780000000,0x00000007bca00000)
  from space 27136K, 59% used [0x00000007bca00000,0x00000007bd9e4198,0x00000007be480000)
  to   space 26624K, 0% used [0x00000007be580000,0x00000007be580000,0x00000007bff80000)
 ParOldGen       total 1260032K, used 1059042K [0x0000000700000000, 0x000000074ce80000, 0x0000000780000000)
  object space 1260032K, 84% used [0x0000000700000000,0x0000000740a38a78,0x000000074ce80000)
 Metaspace       used 70867K, capacity 81535K, committed 81712K, reserved 1118208K
  class space    used 9979K, capacity 12211K, committed 12336K, reserved 1048576K
}
Event: 78147.975 GC heap before
{Heap before GC invocations=3592 (full 8):
 PSYoungGen      total 1020416K, used 1009552K [0x0000000780000000, 0x00000007bff80000, 0x00000007c0000000)
  eden space 993280K, 100% used [0x0000000780000000,0x00000007bca00000,0x00000007bca00000)
  from space 27136K, 59% used [0x00000007bca00000,0x00000007bd9e4198,0x00000007be480000)
  to   space 26624K, 0% used [0x00000007be580000,0x00000007be580000,0x00000007bff80000)
 ParOldGen       total 1260032K, used 1059042K [0x0000000700000000, 0x000000074ce80000, 0x0000000780000000)
  object space 1260032K, 84% used [0x0000000700000000,0x0000000740a38a78,0x000000074ce80000)
 Metaspace       used 70867K, capacity 81535K, committed 81712K, reserved 1118208K
  class space    used 9979K, capacity 12211K, committed 12336K, reserved 1048576K
Event: 78147.992 GC heap after
Heap after GC invocations=3592 (full 8):
 PSYoungGen      total 1020416K, used 16016K [0x0000000780000000, 0x00000007bfe80000, 0x00000007c0000000)
  eden space 994816K, 0% used [0x0000000780000000,0x0000000780000000,0x00000007bcb80000)
  from space 25600K, 62% used [0x00000007be580000,0x00000007bf5241a8,0x00000007bfe80000)
  to   space 26112K, 0% used [0x00000007bcb80000,0x00000007bcb80000,0x00000007be500000)
 ParOldGen       total 1260032K, used 1059094K [0x0000000700000000, 0x000000074ce80000, 0x0000000780000000)
  object space 1260032K, 84% used [0x0000000700000000,0x0000000740a45a90,0x000000074ce80000)
 Metaspace       used 70867K, capacity 81535K, committed 81712K, reserved 1118208K
  class space    used 9979K, capacity 12211K, committed 12336K, reserved 1048576K
}
Event: 78153.093 GC heap before
{Heap before GC invocations=3593 (full 8):
 PSYoungGen      total 1020416K, used 1010832K [0x0000000780000000, 0x00000007bfe80000, 0x00000007c0000000)
  eden space 994816K, 100% used [0x0000000780000000,0x00000007bcb80000,0x00000007bcb80000)
  from space 25600K, 62% used [0x00000007be580000,0x00000007bf5241a8,0x00000007bfe80000)
  to   space 26112K, 0% used [0x00000007bcb80000,0x00000007bcb80000,0x00000007be500000)
 ParOldGen       total 1260032K, used 1059094K [0x0000000700000000, 0x000000074ce80000, 0x0000000780000000)
  object space 1260032K, 84% used [0x0000000700000000,0x0000000740a45a90,0x000000074ce80000)
 Metaspace       used 70867K, capacity 81535K, committed 81712K, reserved 1118208K
  class space    used 9979K, capacity 12211K, committed 12336K, reserved 1048576K
Event: 78153.115 GC heap after
Heap after GC invocations=3593 (full 8):
 PSYoungGen      total 1020928K, used 13104K [0x0000000780000000, 0x00000007bfe80000, 0x00000007c0000000)
  eden space 994816K, 0% used [0x0000000780000000,0x0000000780000000,0x00000007bcb80000)
  from space 26112K, 50% used [0x00000007bcb80000,0x00000007bd84c188,0x00000007be500000)
  to   space 25088K, 0% used [0x00000007be600000,0x00000007be600000,0x00000007bfe80000)
 ParOldGen       total 1260032K, used 1059238K [0x0000000700000000, 0x000000074ce80000, 0x0000000780000000)
  object space 1260032K, 84% used [0x0000000700000000,0x0000000740a69af0,0x000000074ce80000)
 Metaspace       used 70867K, capacity 81535K, committed 81712K, reserved 1118208K
  class space    used 9979K, capacity 12211K, committed 12336K, reserved 1048576K
}
Event: 78158.230 GC heap before
{Heap before GC invocations=3594 (full 8):
 PSYoungGen      total 1020928K, used 1007920K [0x0000000780000000, 0x00000007bfe80000, 0x00000007c0000000)
  eden space 994816K, 100% used [0x0000000780000000,0x00000007bcb80000,0x00000007bcb80000)
  from space 26112K, 50% used [0x00000007bcb80000,0x00000007bd84c188,0x00000007be500000)
  to   space 25088K, 0% used [0x00000007be600000,0x00000007be600000,0x00000007bfe80000)
 ParOldGen       total 1260032K, used 1059238K [0x0000000700000000, 0x000000074ce80000, 0x0000000780000000)
  object space 1260032K, 84% used [0x0000000700000000,0x0000000740a69af0,0x000000074ce80000)
 Metaspace       used 70867K, capacity 81535K, committed 81712K, reserved 1118208K
  class space    used 9979K, capacity 12211K, committed 12336K, reserved 1048576K
Event: 78158.248 GC heap after
Heap after GC invocations=3594 (full 8):
 PSYoungGen      total 1021952K, used 13120K [0x0000000780000000, 0x00000007bfe00000, 0x00000007c0000000)
  eden space 997376K, 0% used [0x0000000780000000,0x0000000780000000,0x00000007bce00000)
  from space 24576K, 53% used [0x00000007be600000,0x00000007bf2d01b0,0x00000007bfe00000)
  to   space 24576K, 0% used [0x00000007bce00000,0x00000007bce00000,0x00000007be600000)
 ParOldGen       total 1260032K, used 1059350K [0x0000000700000000, 0x000000074ce80000, 0x0000000780000000)
  object space 1260032K, 84% used [0x0000000700000000,0x0000000740a85af0,0x000000074ce80000)
 Metaspace       used 70867K, capacity 81535K, committed 81712K, reserved 1118208K
  class space    used 9979K, capacity 12211K, committed 12336K, reserved 1048576K
}
Event: 78162.536 GC heap before
{Heap before GC invocations=3595 (full 8):
 PSYoungGen      total 1021952K, used 1010496K [0x0000000780000000, 0x00000007bfe00000, 0x00000007c0000000)
  eden space 997376K, 100% used [0x0000000780000000,0x00000007bce00000,0x00000007bce00000)
  from space 24576K, 53% used [0x00000007be600000,0x00000007bf2d01b0,0x00000007bfe00000)
  to   space 24576K, 0% used [0x00000007bce00000,0x00000007bce00000,0x00000007be600000)
 ParOldGen       total 1260032K, used 1059350K [0x0000000700000000, 0x000000074ce80000, 0x0000000780000000)
  object space 1260032K, 84% used [0x0000000700000000,0x0000000740a85af0,0x000000074ce80000)
 Metaspace       used 70867K, capacity 81535K, committed 81712K, reserved 1118208K
  class space    used 9979K, capacity 12211K, committed 12336K, reserved 1048576K
Event: 78162.590 GC heap after
Heap after GC invocations=3595 (full 8):
 PSYoungGen      total 1021952K, used 24544K [0x0000000780000000, 0x00000007c0000000, 0x00000007c0000000)
  eden space 997376K, 0% used [0x0000000780000000,0x0000000780000000,0x00000007bce00000)
  from space 24576K, 99% used [0x00000007bce00000,0x00000007be5f8180,0x00000007be600000)
  to   space 26624K, 0% used [0x00000007be600000,0x00000007be600000,0x00000007c0000000)
 ParOldGen       total 1260032K, used 1105949K [0x0000000700000000, 0x000000074ce80000, 0x0000000780000000)
  object space 1260032K, 87% used [0x0000000700000000,0x0000000743807518,0x000000074ce80000)
 Metaspace       used 70867K, capacity 81535K, committed 81712K, reserved 1118208K
  class space    used 9979K, capacity 12211K, committed 12336K, reserved 1048576K
}

