# JRE version: Java(TM) SE Runtime Environment (8.0_191-b12) (build 1.8.0_191-b12)
# Java VM: Java HotSpot(TM) 64-Bit Server VM (25.191-b12 mixed mode linux-amd64 compressed oops)
Heap:
 PSYoungGen      total 789504K, used 3440K [0x0000000780000000, 0x00000007b2100000, 0x00000007c0000000)
  eden space 758784K, 0% used [0x0000000780000000,0x0000000780000000,0x00000007ae500000)
  from space 30720K, 11% used [0x00000007ae500000,0x00000007ae85c0b0,0x00000007b0300000)
  to   space 17920K, 0% used [0x00000007b0f80000,0x00000007b0f80000,0x00000007b2100000)
 ParOldGen       total 128512K, used 70830K [0x0000000700000000, 0x0000000707d80000, 0x0000000780000000)
  object space 128512K, 55% used [0x0000000700000000,0x000000070452b900,0x0000000707d80000)
 Metaspace       used 36950K, capacity 39444K, committed 39592K, reserved 1083392K
  class space    used 5318K, capacity 6019K, committed 6056K, reserved 1048576K
GC Heap History (10 events):
Event: 16.542 GC heap after
Heap after GC invocations=18 (full 2):
 PSYoungGen      total 596480K, used 2976K [0x0000000780000000, 0x00000007a7180000, 0x00000007c0000000)
  eden space 582144K, 0% used [0x0000000780000000,0x0000000780000000,0x00000007a3880000)
  from space 14336K, 20% used [0x00000007a6380000,0x00000007a66680c0,0x00000007a7180000)
  to   space 29184K, 0% used [0x00000007a3880000,0x00000007a3880000,0x00000007a5500000)
 ParOldGen       total 128512K, used 70814K [0x0000000700000000, 0x0000000707d80000, 0x0000000780000000)
  object space 128512K, 55% used [0x0000000700000000,0x0000000704527900,0x0000000707d80000)
 Metaspace       used 36688K, capacity 39152K, committed 39336K, reserved 1083392K
  class space    used 5286K, capacity 5987K, committed 6056K, reserved 1048576K
}
Event: 16.911 GC heap before
{Heap before GC invocations=19 (full 2):
 PSYoungGen      total 596480K, used 585120K [0x0000000780000000, 0x00000007a7180000, 0x00000007c0000000)
  eden space 582144K, 100% used [0x0000000780000000,0x00000007a3880000,0x00000007a3880000)
  from space 14336K, 20% used [0x00000007a6380000,0x00000007a66680c0,0x00000007a7180000)
  to   space 29184K, 0% used [0x00000007a3880000,0x00000007a3880000,0x00000007a5500000)
 ParOldGen       total 128512K, used 70814K [0x0000000700000000, 0x0000000707d80000, 0x0000000780000000)
  object space 128512K, 55% used [0x0000000700000000,0x0000000704527900,0x0000000707d80000)
 Metaspace       used 36882K, capacity 39376K, committed 39592K, reserved 1083392K
  class space    used 5311K, capacity 6019K, committed 6056K, reserved 1048576K
Event: 16.935 GC heap after
Heap after GC invocations=19 (full 2):
 PSYoungGen      total 611328K, used 23955K [0x0000000780000000, 0x00000007ad880000, 0x00000007c0000000)
  eden space 582144K, 0% used [0x0000000780000000,0x0000000780000000,0x00000007a3880000)
  from space 29184K, 82% used [0x00000007a3880000,0x00000007a4fe4e30,0x00000007a5500000)
  to   space 31744K, 0% used [0x00000007ab980000,0x00000007ab980000,0x00000007ad880000)
 ParOldGen       total 128512K, used 70814K [0x0000000700000000, 0x0000000707d80000, 0x0000000780000000)
  object space 128512K, 55% used [0x0000000700000000,0x0000000704527900,0x0000000707d80000)
 Metaspace       used 36882K, capacity 39376K, committed 39592K, reserved 1083392K
  class space    used 5311K, capacity 6019K, committed 6056K, reserved 1048576K
}
Event: 17.337 GC heap before
{Heap before GC invocations=20 (full 2):
 PSYoungGen      total 611328K, used 606099K [0x0000000780000000, 0x00000007ad880000, 0x00000007c0000000)
  eden space 582144K, 100% used [0x0000000780000000,0x00000007a3880000,0x00000007a3880000)
  from space 29184K, 82% used [0x00000007a3880000,0x00000007a4fe4e30,0x00000007a5500000)
  to   space 31744K, 0% used [0x00000007ab980000,0x00000007ab980000,0x00000007ad880000)
 ParOldGen       total 128512K, used 70814K [0x0000000700000000, 0x0000000707d80000, 0x0000000780000000)
  object space 128512K, 55% used [0x0000000700000000,0x0000000704527900,0x0000000707d80000)
 Metaspace       used 36894K, capacity 39380K, committed 39592K, reserved 1083392K
  class space    used 5312K, capacity 6019K, committed 6056K, reserved 1048576K
Event: 17.349 GC heap after
Heap after GC invocations=20 (full 2):
 PSYoungGen      total 697856K, used 8321K [0x0000000780000000, 0x00000007acf80000, 0x00000007c0000000)
  eden space 675328K, 0% used [0x0000000780000000,0x0000000780000000,0x00000007a9380000)
  from space 22528K, 36% used [0x00000007ab980000,0x00000007ac1a0420,0x00000007acf80000)
  to   space 30720K, 0% used [0x00000007a9380000,0x00000007a9380000,0x00000007ab180000)
 ParOldGen       total 128512K, used 70822K [0x0000000700000000, 0x0000000707d80000, 0x0000000780000000)
  object space 128512K, 55% used [0x0000000700000000,0x0000000704529900,0x0000000707d80000)
 Metaspace       used 36894K, capacity 39380K, committed 39592K, reserved 1083392K
  class space    used 5312K, capacity 6019K, committed 6056K, reserved 1048576K
}
Event: 141.822 GC heap before
{Heap before GC invocations=21 (full 2):
 PSYoungGen      total 697856K, used 683649K [0x0000000780000000, 0x00000007acf80000, 0x00000007c0000000)
  eden space 675328K, 100% used [0x0000000780000000,0x00000007a9380000,0x00000007a9380000)
  from space 22528K, 36% used [0x00000007ab980000,0x00000007ac1a0420,0x00000007acf80000)
  to   space 30720K, 0% used [0x00000007a9380000,0x00000007a9380000,0x00000007ab180000)
 ParOldGen       total 128512K, used 70822K [0x0000000700000000, 0x0000000707d80000, 0x0000000780000000)
  object space 128512K, 55% used [0x0000000700000000,0x0000000704529900,0x0000000707d80000)
 Metaspace       used 36912K, capacity 39380K, committed 39592K, reserved 1083392K
  class space    used 5314K, capacity 6019K, committed 6056K, reserved 1048576K
Event: 143.740 GC heap after
Heap after GC invocations=21 (full 2):
 PSYoungGen      total 706048K, used 3008K [0x0000000780000000, 0x00000007b2d80000, 0x00000007c0000000)
  eden space 675328K, 0% used [0x0000000780000000,0x0000000780000000,0x00000007a9380000)
  from space 30720K, 9% used [0x00000007a9380000,0x00000007a96700a0,0x00000007ab180000)
  to   space 30720K, 0% used [0x00000007b0f80000,0x00000007b0f80000,0x00000007b2d80000)
 ParOldGen       total 128512K, used 70830K [0x0000000700000000, 0x0000000707d80000, 0x0000000780000000)
  object space 128512K, 55% used [0x0000000700000000,0x000000070452b900,0x0000000707d80000)
 Metaspace       used 36912K, capacity 39380K, committed 39592K, reserved 1083392K
  class space    used 5314K, capacity 6019K, committed 6056K, reserved 1048576K
}
Event: 144.078 GC heap before
{Heap before GC invocations=22 (full 2):
 PSYoungGen      total 706048K, used 678336K [0x0000000780000000, 0x00000007b2d80000, 0x00000007c0000000)
  eden space 675328K, 100% used [0x0000000780000000,0x00000007a9380000,0x00000007a9380000)
  from space 30720K, 9% used [0x00000007a9380000,0x00000007a96700a0,0x00000007ab180000)
  to   space 30720K, 0% used [0x00000007b0f80000,0x00000007b0f80000,0x00000007b2d80000)
 ParOldGen       total 128512K, used 70830K [0x0000000700000000, 0x0000000707d80000, 0x0000000780000000)
  object space 128512K, 55% used [0x0000000700000000,0x000000070452b900,0x0000000707d80000)
 Metaspace       used 36930K, capacity 39380K, committed 39592K, reserved 1083392K
  class space    used 5315K, capacity 6019K, committed 6056K, reserved 1048576K
Event: 144.249 GC heap after
Heap after GC invocations=22 (full 2):
 PSYoungGen      total 776704K, used 3184K [0x0000000780000000, 0x00000007b2100000, 0x00000007c0000000)
  eden space 758784K, 0% used [0x0000000780000000,0x0000000780000000,0x00000007ae500000)
  from space 17920K, 17% used [0x00000007b0f80000,0x00000007b129c0b0,0x00000007b2100000)
  to   space 30720K, 0% used [0x00000007ae500000,0x00000007ae500000,0x00000007b0300000)
 ParOldGen       total 128512K, used 70830K [0x0000000700000000, 0x0000000707d80000, 0x0000000780000000)
  object space 128512K, 55% used [0x0000000700000000,0x000000070452b900,0x0000000707d80000)
 Metaspace       used 36930K, capacity 39380K, committed 39592K, reserved 1083392K
  class space    used 5315K, capacity 6019K, committed 6056K, reserved 1048576K
}
Event: 148.271 GC heap before
{Heap before GC invocations=23 (full 2):
 PSYoungGen      total 776704K, used 761968K [0x0000000780000000, 0x00000007b2100000, 0x00000007c0000000)
  eden space 758784K, 100% used [0x0000000780000000,0x00000007ae500000,0x00000007ae500000)
  from space 17920K, 17% used [0x00000007b0f80000,0x00000007b129c0b0,0x00000007b2100000)
  to   space 30720K, 0% used [0x00000007ae500000,0x00000007ae500000,0x00000007b0300000)
 ParOldGen       total 128512K, used 70830K [0x0000000700000000, 0x0000000707d80000, 0x0000000780000000)
  object space 128512K, 55% used [0x0000000700000000,0x000000070452b900,0x0000000707d80000)
 Metaspace       used 36950K, capacity 39444K, committed 39592K, reserved 1083392K
  class space    used 5318K, capacity 6019K, committed 6056K, reserved 1048576K

