# JRE version: Java(TM) SE Runtime Environment (8.0_191-b12) (build 1.8.0_191-b12)
# Java VM: Java HotSpot(TM) 64-Bit Server VM (25.191-b12 mixed mode linux-amd64 compressed oops)
Heap:
 PSYoungGen      total 949248K, used 23242K [0x0000000780000000, 0x00000007c0000000, 0x00000007c0000000)
  eden space 913408K, 0% used [0x0000000780000000,0x0000000780000000,0x00000007b7c00000)
  from space 35840K, 64% used [0x00000007bdd00000,0x00000007bf3b2a20,0x00000007c0000000)
  to   space 67584K, 0% used [0x00000007b7c00000,0x00000007b7c00000,0x00000007bbe00000)
 ParOldGen       total 143360K, used 142981K [0x0000000700000000, 0x0000000708c00000, 0x0000000780000000)
  object space 143360K, 99% used [0x0000000700000000,0x0000000708ba1608,0x0000000708c00000)
 Metaspace       used 43332K, capacity 46261K, committed 46504K, reserved 1089536K
  class space    used 6005K, capacity 6774K, committed 6824K, reserved 1048576K
GC Heap History (10 events):
Event: 13.790 GC heap after
Heap after GC invocations=26 (full 2):
 PSYoungGen      total 945664K, used 23648K [0x0000000780000000, 0x00000007bc380000, 0x00000007c0000000)
  eden space 915456K, 0% used [0x0000000780000000,0x0000000780000000,0x00000007b7e00000)
  from space 30208K, 78% used [0x00000007b9d00000,0x00000007bb418320,0x00000007bba80000)
  to   space 31744K, 0% used [0x00000007b7e00000,0x00000007b7e00000,0x00000007b9d00000)
 ParOldGen       total 136192K, used 78921K [0x0000000700000000, 0x0000000708500000, 0x0000000780000000)
  object space 136192K, 57% used [0x0000000700000000,0x0000000704d12738,0x0000000708500000)
 Metaspace       used 39835K, capacity 42561K, committed 42792K, reserved 1085440K
  class space    used 5643K, capacity 6402K, committed 6440K, reserved 1048576K
}
Event: 14.497 GC heap before
{Heap before GC invocations=27 (full 2):
 PSYoungGen      total 945664K, used 939104K [0x0000000780000000, 0x00000007bc380000, 0x00000007c0000000)
  eden space 915456K, 100% used [0x0000000780000000,0x00000007b7e00000,0x00000007b7e00000)
  from space 30208K, 78% used [0x00000007b9d00000,0x00000007bb418320,0x00000007bba80000)
  to   space 31744K, 0% used [0x00000007b7e00000,0x00000007b7e00000,0x00000007b9d00000)
 ParOldGen       total 136192K, used 78921K [0x0000000700000000, 0x0000000708500000, 0x0000000780000000)
  object space 136192K, 57% used [0x0000000700000000,0x0000000704d12738,0x0000000708500000)
 Metaspace       used 39902K, capacity 42629K, committed 42792K, reserved 1085440K
  class space    used 5645K, capacity 6402K, committed 6440K, reserved 1048576K
Event: 14.517 GC heap after
Heap after GC invocations=27 (full 2):
 PSYoungGen      total 947200K, used 24736K [0x0000000780000000, 0x00000007c0000000, 0x00000007c0000000)
  eden space 915456K, 0% used [0x0000000780000000,0x0000000780000000,0x00000007b7e00000)
  from space 31744K, 77% used [0x00000007b7e00000,0x00000007b9628320,0x00000007b9d00000)
  to   space 33792K, 0% used [0x00000007bdf00000,0x00000007bdf00000,0x00000007c0000000)
 ParOldGen       total 136192K, used 78929K [0x0000000700000000, 0x0000000708500000, 0x0000000780000000)
  object space 136192K, 57% used [0x0000000700000000,0x0000000704d14738,0x0000000708500000)
 Metaspace       used 39902K, capacity 42629K, committed 42792K, reserved 1085440K
  class space    used 5645K, capacity 6402K, committed 6440K, reserved 1048576K
}
Event: 15.236 GC heap before
{Heap before GC invocations=28 (full 2):
 PSYoungGen      total 947200K, used 940192K [0x0000000780000000, 0x00000007c0000000, 0x00000007c0000000)
  eden space 915456K, 100% used [0x0000000780000000,0x00000007b7e00000,0x00000007b7e00000)
  from space 31744K, 77% used [0x00000007b7e00000,0x00000007b9628320,0x00000007b9d00000)
  to   space 33792K, 0% used [0x00000007bdf00000,0x00000007bdf00000,0x00000007c0000000)
 ParOldGen       total 136192K, used 78929K [0x0000000700000000, 0x0000000708500000, 0x0000000780000000)
  object space 136192K, 57% used [0x0000000700000000,0x0000000704d14738,0x0000000708500000)
 Metaspace       used 39955K, capacity 42693K, committed 42792K, reserved 1085440K
  class space    used 5645K, capacity 6402K, committed 6440K, reserved 1048576K
Event: 15.256 GC heap after
Heap after GC invocations=28 (full 2):
 PSYoungGen      total 1010688K, used 26880K [0x0000000780000000, 0x00000007c0000000, 0x00000007c0000000)
  eden space 976896K, 0% used [0x0000000780000000,0x0000000780000000,0x00000007bba00000)
  from space 33792K, 79% used [0x00000007bdf00000,0x00000007bf940320,0x00000007c0000000)
  to   space 35840K, 0% used [0x00000007bba00000,0x00000007bba00000,0x00000007bdd00000)
 ParOldGen       total 136192K, used 78937K [0x0000000700000000, 0x0000000708500000, 0x0000000780000000)
  object space 136192K, 57% used [0x0000000700000000,0x0000000704d16738,0x0000000708500000)
 Metaspace       used 39955K, capacity 42693K, committed 42792K, reserved 1085440K
  class space    used 5645K, capacity 6402K, committed 6440K, reserved 1048576K
}
Event: 19.548 GC heap before
{Heap before GC invocations=29 (full 2):
 PSYoungGen      total 1010688K, used 1003776K [0x0000000780000000, 0x00000007c0000000, 0x00000007c0000000)
  eden space 976896K, 100% used [0x0000000780000000,0x00000007bba00000,0x00000007bba00000)
  from space 33792K, 79% used [0x00000007bdf00000,0x00000007bf940320,0x00000007c0000000)
  to   space 35840K, 0% used [0x00000007bba00000,0x00000007bba00000,0x00000007bdd00000)
 ParOldGen       total 136192K, used 78937K [0x0000000700000000, 0x0000000708500000, 0x0000000780000000)
  object space 136192K, 57% used [0x0000000700000000,0x0000000704d16738,0x0000000708500000)
 Metaspace       used 40672K, capacity 43479K, committed 43688K, reserved 1087488K
  class space    used 5734K, capacity 6503K, committed 6568K, reserved 1048576K
Event: 19.634 GC heap after
Heap after GC invocations=29 (full 2):
 PSYoungGen      total 1012736K, used 35834K [0x0000000780000000, 0x00000007c0000000, 0x00000007c0000000)
  eden space 976896K, 0% used [0x0000000780000000,0x0000000780000000,0x00000007bba00000)
  from space 35840K, 99% used [0x00000007bba00000,0x00000007bdcfe910,0x00000007bdd00000)
  to   space 35840K, 0% used [0x00000007bdd00000,0x00000007bdd00000,0x00000007c0000000)
 ParOldGen       total 136192K, used 91543K [0x0000000700000000, 0x0000000708500000, 0x0000000780000000)
  object space 136192K, 67% used [0x0000000700000000,0x0000000705965f50,0x0000000708500000)
 Metaspace       used 40672K, capacity 43479K, committed 43688K, reserved 1087488K
  class space    used 5734K, capacity 6503K, committed 6568K, reserved 1048576K
}
Event: 33.037 GC heap before
{Heap before GC invocations=30 (full 2):
 PSYoungGen      total 1012736K, used 1012730K [0x0000000780000000, 0x00000007c0000000, 0x00000007c0000000)
  eden space 976896K, 100% used [0x0000000780000000,0x00000007bba00000,0x00000007bba00000)
  from space 35840K, 99% used [0x00000007bba00000,0x00000007bdcfe910,0x00000007bdd00000)
  to   space 35840K, 0% used [0x00000007bdd00000,0x00000007bdd00000,0x00000007c0000000)
 ParOldGen       total 136192K, used 91543K [0x0000000700000000, 0x0000000708500000, 0x0000000780000000)
  object space 136192K, 67% used [0x0000000700000000,0x0000000705965f50,0x0000000708500000)
 Metaspace       used 43332K, capacity 46261K, committed 46504K, reserved 1089536K
  class space    used 6005K, capacity 6774K, committed 6824K, reserved 1048576K
Event: 33.104 GC heap after
Heap after GC invocations=30 (full 2):
 PSYoungGen      total 949248K, used 35833K [0x0000000780000000, 0x00000007c0000000, 0x00000007c0000000)
  eden space 913408K, 0% used [0x0000000780000000,0x0000000780000000,0x00000007b7c00000)
  from space 35840K, 99% used [0x00000007bdd00000,0x00000007bfffe6a0,0x00000007c0000000)
  to   space 67584K, 0% used [0x00000007b7c00000,0x00000007b7c00000,0x00000007bbe00000)
 ParOldGen       total 143360K, used 142393K [0x0000000700000000, 0x0000000708c00000, 0x0000000780000000)
  object space 143360K, 99% used [0x0000000700000000,0x0000000708b0e670,0x0000000708c00000)
 Metaspace       used 43332K, capacity 46261K, committed 46504K, reserved 1089536K
  class space    used 6005K, capacity 6774K, committed 6824K, reserved 1048576K
}
Event: 33.125 GC heap before
{Heap before GC invocations=31 (full 3):
 PSYoungGen      total 949248K, used 35833K [0x0000000780000000, 0x00000007c0000000, 0x00000007c0000000)
  eden space 913408K, 0% used [0x0000000780000000,0x0000000780000000,0x00000007b7c00000)
  from space 35840K, 99% used [0x00000007bdd00000,0x00000007bfffe6a0,0x00000007c0000000)
  to   space 67584K, 0% used [0x00000007b7c00000,0x00000007b7c00000,0x00000007bbe00000)
 ParOldGen       total 143360K, used 142393K [0x0000000700000000, 0x0000000708c00000, 0x0000000780000000)
  object space 143360K, 99% used [0x0000000700000000,0x0000000708b0e670,0x0000000708c00000)
 Metaspace       used 43332K, capacity 46261K, committed 46504K, reserved 1089536K
  class space    used 6005K, capacity 6774K, committed 6824K, reserved 1048576K

