# JRE version: OpenJDK Runtime Environment (8.0_252-b09) (build 1.8.0_252-8u252-b09-1~18.04-b09)
# Java VM: OpenJDK 64-Bit Server VM (25.252-b09 mixed mode linux-amd64 compressed oops)
Heap:
 PSYoungGen      total 38912K, used 3136K [0x0000000780000000, 0x00000007b8200000, 0x00000007c0000000)
  eden space 38400K, 8% used [0x0000000780000000,0x0000000780300048,0x0000000782580000)
  from space 512K, 12% used [0x00000007b8100000,0x00000007b8110000,0x00000007b8180000)
  to   space 512K, 0% used [0x00000007b8180000,0x00000007b8180000,0x00000007b8200000)
 ParOldGen       total 200704K, used 198506K [0x0000000700000000, 0x000000070c400000, 0x0000000780000000)
  object space 200704K, 98% used [0x0000000700000000,0x000000070c1da9c8,0x000000070c400000)
 Metaspace       used 49785K, capacity 54553K, committed 54616K, reserved 1095680K
  class space    used 7010K, capacity 8255K, committed 8280K, reserved 1048576K
GC Heap History (10 events):
Event: 247363.108 GC heap before
{Heap before GC invocations=463295 (full 2):
 PSYoungGen      total 38912K, used 38463K [0x0000000780000000, 0x00000007b8200000, 0x00000007c0000000)
  eden space 38400K, 99% used [0x0000000780000000,0x000000078257fff8,0x0000000782580000)
  from space 512K, 12% used [0x00000007b8180000,0x00000007b8190000,0x00000007b8200000)
  to   space 512K, 0% used [0x00000007b8100000,0x00000007b8100000,0x00000007b8180000)
 ParOldGen       total 200704K, used 198506K [0x0000000700000000, 0x000000070c400000, 0x0000000780000000)
  object space 200704K, 98% used [0x0000000700000000,0x000000070c1da9c8,0x000000070c400000)
 Metaspace       used 49785K, capacity 54553K, committed 54616K, reserved 1095680K
  class space    used 7010K, capacity 8255K, committed 8280K, reserved 1048576K
Event: 247363.111 GC heap after
Heap after GC invocations=463295 (full 2):
 PSYoungGen      total 38912K, used 64K [0x0000000780000000, 0x00000007b8200000, 0x00000007c0000000)
  eden space 38400K, 0% used [0x0000000780000000,0x0000000780000000,0x0000000782580000)
  from space 512K, 12% used [0x00000007b8100000,0x00000007b8110000,0x00000007b8180000)
  to   space 512K, 0% used [0x00000007b8180000,0x00000007b8180000,0x00000007b8200000)
 ParOldGen       total 200704K, used 198506K [0x0000000700000000, 0x000000070c400000, 0x0000000780000000)
  object space 200704K, 98% used [0x0000000700000000,0x000000070c1da9c8,0x000000070c400000)
 Metaspace       used 49785K, capacity 54553K, committed 54616K, reserved 1095680K
  class space    used 7010K, capacity 8255K, committed 8280K, reserved 1048576K
}
Event: 247363.657 GC heap before
{Heap before GC invocations=463296 (full 2):
 PSYoungGen      total 38912K, used 38464K [0x0000000780000000, 0x00000007b8200000, 0x00000007c0000000)
  eden space 38400K, 100% used [0x0000000780000000,0x0000000782580000,0x0000000782580000)
  from space 512K, 12% used [0x00000007b8100000,0x00000007b8110000,0x00000007b8180000)
  to   space 512K, 0% used [0x00000007b8180000,0x00000007b8180000,0x00000007b8200000)
 ParOldGen       total 200704K, used 198506K [0x0000000700000000, 0x000000070c400000, 0x0000000780000000)
  object space 200704K, 98% used [0x0000000700000000,0x000000070c1da9c8,0x000000070c400000)
 Metaspace       used 49785K, capacity 54553K, committed 54616K, reserved 1095680K
  class space    used 7010K, capacity 8255K, committed 8280K, reserved 1048576K
Event: 247363.660 GC heap after
Heap after GC invocations=463296 (full 2):
 PSYoungGen      total 38912K, used 64K [0x0000000780000000, 0x00000007b8200000, 0x00000007c0000000)
  eden space 38400K, 0% used [0x0000000780000000,0x0000000780000000,0x0000000782580000)
  from space 512K, 12% used [0x00000007b8180000,0x00000007b8190000,0x00000007b8200000)
  to   space 512K, 0% used [0x00000007b8100000,0x00000007b8100000,0x00000007b8180000)
 ParOldGen       total 200704K, used 198506K [0x0000000700000000, 0x000000070c400000, 0x0000000780000000)
  object space 200704K, 98% used [0x0000000700000000,0x000000070c1da9c8,0x000000070c400000)
 Metaspace       used 49785K, capacity 54553K, committed 54616K, reserved 1095680K
  class space    used 7010K, capacity 8255K, committed 8280K, reserved 1048576K
}
Event: 247364.161 GC heap before
{Heap before GC invocations=463297 (full 2):
 PSYoungGen      total 38912K, used 38464K [0x0000000780000000, 0x00000007b8200000, 0x00000007c0000000)
  eden space 38400K, 100% used [0x0000000780000000,0x0000000782580000,0x0000000782580000)
  from space 512K, 12% used [0x00000007b8180000,0x00000007b8190000,0x00000007b8200000)
  to   space 512K, 0% used [0x00000007b8100000,0x00000007b8100000,0x00000007b8180000)
 ParOldGen       total 200704K, used 198506K [0x0000000700000000, 0x000000070c400000, 0x0000000780000000)
  object space 200704K, 98% used [0x0000000700000000,0x000000070c1da9c8,0x000000070c400000)
 Metaspace       used 49785K, capacity 54553K, committed 54616K, reserved 1095680K
  class space    used 7010K, capacity 8255K, committed 8280K, reserved 1048576K
Event: 247364.164 GC heap after
Heap after GC invocations=463297 (full 2):
 PSYoungGen      total 38912K, used 32K [0x0000000780000000, 0x00000007b8200000, 0x00000007c0000000)
  eden space 38400K, 0% used [0x0000000780000000,0x0000000780000000,0x0000000782580000)
  from space 512K, 6% used [0x00000007b8100000,0x00000007b8108000,0x00000007b8180000)
  to   space 512K, 0% used [0x00000007b8180000,0x00000007b8180000,0x00000007b8200000)
 ParOldGen       total 200704K, used 198506K [0x0000000700000000, 0x000000070c400000, 0x0000000780000000)
  object space 200704K, 98% used [0x0000000700000000,0x000000070c1da9c8,0x000000070c400000)
 Metaspace       used 49785K, capacity 54553K, committed 54616K, reserved 1095680K
  class space    used 7010K, capacity 8255K, committed 8280K, reserved 1048576K
}
Event: 247364.709 GC heap before
{Heap before GC invocations=463298 (full 2):
 PSYoungGen      total 38912K, used 38432K [0x0000000780000000, 0x00000007b8200000, 0x00000007c0000000)
  eden space 38400K, 100% used [0x0000000780000000,0x0000000782580000,0x0000000782580000)
  from space 512K, 6% used [0x00000007b8100000,0x00000007b8108000,0x00000007b8180000)
  to   space 512K, 0% used [0x00000007b8180000,0x00000007b8180000,0x00000007b8200000)
 ParOldGen       total 200704K, used 198506K [0x0000000700000000, 0x000000070c400000, 0x0000000780000000)
  object space 200704K, 98% used [0x0000000700000000,0x000000070c1da9c8,0x000000070c400000)
 Metaspace       used 49785K, capacity 54553K, committed 54616K, reserved 1095680K
  class space    used 7010K, capacity 8255K, committed 8280K, reserved 1048576K
Event: 247364.711 GC heap after
Heap after GC invocations=463298 (full 2):
 PSYoungGen      total 38912K, used 64K [0x0000000780000000, 0x00000007b8200000, 0x00000007c0000000)
  eden space 38400K, 0% used [0x0000000780000000,0x0000000780000000,0x0000000782580000)
  from space 512K, 12% used [0x00000007b8180000,0x00000007b8190000,0x00000007b8200000)
  to   space 512K, 0% used [0x00000007b8100000,0x00000007b8100000,0x00000007b8180000)
 ParOldGen       total 200704K, used 198506K [0x0000000700000000, 0x000000070c400000, 0x0000000780000000)
  object space 200704K, 98% used [0x0000000700000000,0x000000070c1da9c8,0x000000070c400000)
 Metaspace       used 49785K, capacity 54553K, committed 54616K, reserved 1095680K
  class space    used 7010K, capacity 8255K, committed 8280K, reserved 1048576K
}
Event: 247365.256 GC heap before
{Heap before GC invocations=463299 (full 2):
 PSYoungGen      total 38912K, used 38464K [0x0000000780000000, 0x00000007b8200000, 0x00000007c0000000)
  eden space 38400K, 100% used [0x0000000780000000,0x0000000782580000,0x0000000782580000)
  from space 512K, 12% used [0x00000007b8180000,0x00000007b8190000,0x00000007b8200000)
  to   space 512K, 0% used [0x00000007b8100000,0x00000007b8100000,0x00000007b8180000)
 ParOldGen       total 200704K, used 198506K [0x0000000700000000, 0x000000070c400000, 0x0000000780000000)
  object space 200704K, 98% used [0x0000000700000000,0x000000070c1da9c8,0x000000070c400000)
 Metaspace       used 49785K, capacity 54553K, committed 54616K, reserved 1095680K
  class space    used 7010K, capacity 8255K, committed 8280K, reserved 1048576K
Event: 247365.259 GC heap after
Heap after GC invocations=463299 (full 2):
 PSYoungGen      total 38912K, used 64K [0x0000000780000000, 0x00000007b8200000, 0x00000007c0000000)
  eden space 38400K, 0% used [0x0000000780000000,0x0000000780000000,0x0000000782580000)
  from space 512K, 12% used [0x00000007b8100000,0x00000007b8110000,0x00000007b8180000)
  to   space 512K, 0% used [0x00000007b8180000,0x00000007b8180000,0x00000007b8200000)
 ParOldGen       total 200704K, used 198506K [0x0000000700000000, 0x000000070c400000, 0x0000000780000000)
  object space 200704K, 98% used [0x0000000700000000,0x000000070c1da9c8,0x000000070c400000)
 Metaspace       used 49785K, capacity 54553K, committed 54616K, reserved 1095680K
  class space    used 7010K, capacity 8255K, committed 8280K, reserved 1048576K
}

