# JRE version: OpenJDK Runtime Environment (8.0_275-b01) (build 1.8.0_275-8u275-b01-0ubuntu1~18.04-b01)
# Java VM: OpenJDK 64-Bit Server VM (25.275-b01 mixed mode linux-amd64 compressed oops)
Heap:
 PSYoungGen      total 946176K, used 345994K [0x0000000780000000, 0x00000007bdf00000, 0x00000007c0000000)
  eden space 881152K, 37% used [0x0000000780000000,0x00000007945ae658,0x00000007b5c80000)
  from space 65024K, 19% used [0x00000007b5c80000,0x00000007b68b42a8,0x00000007b9c00000)
  to   space 61952K, 0% used [0x00000007ba280000,0x00000007ba280000,0x00000007bdf00000)
 ParOldGen       total 995328K, used 728051K [0x0000000700000000, 0x000000073cc00000, 0x0000000780000000)
  object space 995328K, 73% used [0x0000000700000000,0x000000072c6fcde0,0x000000073cc00000)
 Metaspace       used 69641K, capacity 79716K, committed 79920K, reserved 1118208K
  class space    used 9890K, capacity 12062K, committed 12080K, reserved 1048576K
GC Heap History (10 events):
Event: 21502.501 GC heap before
{Heap before GC invocations=824 (full 7):
 PSYoungGen      total 935424K, used 874464K [0x0000000780000000, 0x00000007be280000, 0x00000007c0000000)
  eden space 861696K, 100% used [0x0000000780000000,0x00000007b4980000,0x00000007b4980000)
  from space 73728K, 17% used [0x00000007b9a80000,0x00000007ba6f82c0,0x00000007be280000)
  to   space 78336K, 0% used [0x00000007b4980000,0x00000007b4980000,0x00000007b9600000)
 ParOldGen       total 995328K, used 726771K [0x0000000700000000, 0x000000073cc00000, 0x0000000780000000)
  object space 995328K, 73% used [0x0000000700000000,0x000000072c5bcc30,0x000000073cc00000)
 Metaspace       used 69633K, capacity 79716K, committed 79920K, reserved 1118208K
  class space    used 9890K, capacity 12062K, committed 12080K, reserved 1048576K
Event: 21502.510 GC heap after
Heap after GC invocations=824 (full 7):
 PSYoungGen      total 940032K, used 13040K [0x0000000780000000, 0x00000007be600000, 0x00000007c0000000)
  eden space 861696K, 0% used [0x0000000780000000,0x0000000780000000,0x00000007b4980000)
  from space 78336K, 16% used [0x00000007b4980000,0x00000007b563c308,0x00000007b9600000)
  to   space 74752K, 0% used [0x00000007b9d00000,0x00000007b9d00000,0x00000007be600000)
 ParOldGen       total 995328K, used 726811K [0x0000000700000000, 0x000000073cc00000, 0x0000000780000000)
  object space 995328K, 73% used [0x0000000700000000,0x000000072c5c6c30,0x000000073cc00000)
 Metaspace       used 69633K, capacity 79716K, committed 79920K, reserved 1118208K
  class space    used 9890K, capacity 12062K, committed 12080K, reserved 1048576K
}
Event: 21508.734 GC heap before
{Heap before GC invocations=825 (full 7):
 PSYoungGen      total 940032K, used 874736K [0x0000000780000000, 0x00000007be600000, 0x00000007c0000000)
  eden space 861696K, 100% used [0x0000000780000000,0x00000007b4980000,0x00000007b4980000)
  from space 78336K, 16% used [0x00000007b4980000,0x00000007b563c308,0x00000007b9600000)
  to   space 74752K, 0% used [0x00000007b9d00000,0x00000007b9d00000,0x00000007be600000)
 ParOldGen       total 995328K, used 726811K [0x0000000700000000, 0x000000073cc00000, 0x0000000780000000)
  object space 995328K, 73% used [0x0000000700000000,0x000000072c5c6c30,0x000000073cc00000)
 Metaspace       used 69638K, capacity 79716K, committed 79920K, reserved 1118208K
  class space    used 9890K, capacity 12062K, committed 12080K, reserved 1048576K
Event: 21508.742 GC heap after
Heap after GC invocations=825 (full 7):
 PSYoungGen      total 939008K, used 12624K [0x0000000780000000, 0x00000007bdf00000, 0x00000007c0000000)
  eden space 871424K, 0% used [0x0000000780000000,0x0000000780000000,0x00000007b5300000)
  from space 67584K, 18% used [0x00000007b9d00000,0x00000007ba9542d8,0x00000007bdf00000)
  to   space 71680K, 0% used [0x00000007b5300000,0x00000007b5300000,0x00000007b9900000)
 ParOldGen       total 995328K, used 727355K [0x0000000700000000, 0x000000073cc00000, 0x0000000780000000)
  object space 995328K, 73% used [0x0000000700000000,0x000000072c64ece0,0x000000073cc00000)
 Metaspace       used 69638K, capacity 79716K, committed 79920K, reserved 1118208K
  class space    used 9890K, capacity 12062K, committed 12080K, reserved 1048576K
}
Event: 21514.885 GC heap before
{Heap before GC invocations=826 (full 7):
 PSYoungGen      total 939008K, used 884048K [0x0000000780000000, 0x00000007bdf00000, 0x00000007c0000000)
  eden space 871424K, 100% used [0x0000000780000000,0x00000007b5300000,0x00000007b5300000)
  from space 67584K, 18% used [0x00000007b9d00000,0x00000007ba9542d8,0x00000007bdf00000)
  to   space 71680K, 0% used [0x00000007b5300000,0x00000007b5300000,0x00000007b9900000)
 ParOldGen       total 995328K, used 727355K [0x0000000700000000, 0x000000073cc00000, 0x0000000780000000)
  object space 995328K, 73% used [0x0000000700000000,0x000000072c64ece0,0x000000073cc00000)
 Metaspace       used 69639K, capacity 79716K, committed 79920K, reserved 1118208K
  class space    used 9890K, capacity 12062K, committed 12080K, reserved 1048576K
Event: 21514.894 GC heap after
Heap after GC invocations=826 (full 7):
 PSYoungGen      total 943104K, used 13248K [0x0000000780000000, 0x00000007be180000, 0x00000007c0000000)
  eden space 871424K, 0% used [0x0000000780000000,0x0000000780000000,0x00000007b5300000)
  from space 71680K, 18% used [0x00000007b5300000,0x00000007b5ff02f0,0x00000007b9900000)
  to   space 68096K, 0% used [0x00000007b9f00000,0x00000007b9f00000,0x00000007be180000)
 ParOldGen       total 995328K, used 727387K [0x0000000700000000, 0x000000073cc00000, 0x0000000780000000)
  object space 995328K, 73% used [0x0000000700000000,0x000000072c656ce0,0x000000073cc00000)
 Metaspace       used 69639K, capacity 79716K, committed 79920K, reserved 1118208K
  class space    used 9890K, capacity 12062K, committed 12080K, reserved 1048576K
}
Event: 21521.124 GC heap before
{Heap before GC invocations=827 (full 7):
 PSYoungGen      total 943104K, used 884672K [0x0000000780000000, 0x00000007be180000, 0x00000007c0000000)
  eden space 871424K, 100% used [0x0000000780000000,0x00000007b5300000,0x00000007b5300000)
  from space 71680K, 18% used [0x00000007b5300000,0x00000007b5ff02f0,0x00000007b9900000)
  to   space 68096K, 0% used [0x00000007b9f00000,0x00000007b9f00000,0x00000007be180000)
 ParOldGen       total 995328K, used 727387K [0x0000000700000000, 0x000000073cc00000, 0x0000000780000000)
  object space 995328K, 73% used [0x0000000700000000,0x000000072c656ce0,0x000000073cc00000)
 Metaspace       used 69641K, capacity 79716K, committed 79920K, reserved 1118208K
  class space    used 9890K, capacity 12062K, committed 12080K, reserved 1048576K
Event: 21521.134 GC heap after
Heap after GC invocations=827 (full 7):
 PSYoungGen      total 943104K, used 12560K [0x0000000780000000, 0x00000007bdb80000, 0x00000007c0000000)
  eden space 881152K, 0% used [0x0000000780000000,0x0000000780000000,0x00000007b5c80000)
  from space 61952K, 20% used [0x00000007b9f00000,0x00000007bab44308,0x00000007bdb80000)
  to   space 65024K, 0% used [0x00000007b5c80000,0x00000007b5c80000,0x00000007b9c00000)
 ParOldGen       total 995328K, used 727975K [0x0000000700000000, 0x000000073cc00000, 0x0000000780000000)
  object space 995328K, 73% used [0x0000000700000000,0x000000072c6e9db0,0x000000073cc00000)
 Metaspace       used 69641K, capacity 79716K, committed 79920K, reserved 1118208K
  class space    used 9890K, capacity 12062K, committed 12080K, reserved 1048576K
}
Event: 21527.424 GC heap before
{Heap before GC invocations=828 (full 7):
 PSYoungGen      total 943104K, used 893712K [0x0000000780000000, 0x00000007bdb80000, 0x00000007c0000000)
  eden space 881152K, 100% used [0x0000000780000000,0x00000007b5c80000,0x00000007b5c80000)
  from space 61952K, 20% used [0x00000007b9f00000,0x00000007bab44308,0x00000007bdb80000)
  to   space 65024K, 0% used [0x00000007b5c80000,0x00000007b5c80000,0x00000007b9c00000)
 ParOldGen       total 995328K, used 727975K [0x0000000700000000, 0x000000073cc00000, 0x0000000780000000)
  object space 995328K, 73% used [0x0000000700000000,0x000000072c6e9db0,0x000000073cc00000)
 Metaspace       used 69641K, capacity 79716K, committed 79920K, reserved 1118208K
  class space    used 9890K, capacity 12062K, committed 12080K, reserved 1048576K
Event: 21527.434 GC heap after
Heap after GC invocations=828 (full 7):
 PSYoungGen      total 946176K, used 12496K [0x0000000780000000, 0x00000007bdf00000, 0x00000007c0000000)
  eden space 881152K, 0% used [0x0000000780000000,0x0000000780000000,0x00000007b5c80000)
  from space 65024K, 19% used [0x00000007b5c80000,0x00000007b68b42a8,0x00000007b9c00000)
  to   space 61952K, 0% used [0x00000007ba280000,0x00000007ba280000,0x00000007bdf00000)
 ParOldGen       total 995328K, used 728051K [0x0000000700000000, 0x000000073cc00000, 0x0000000780000000)
  object space 995328K, 73% used [0x0000000700000000,0x000000072c6fcde0,0x000000073cc00000)
 Metaspace       used 69641K, capacity 79716K, committed 79920K, reserved 1118208K
  class space    used 9890K, capacity 12062K, committed 12080K, reserved 1048576K
}

