# JRE version: OpenJDK Runtime Environment (8.0_275-b01) (build 1.8.0_275-8u275-b01-0ubuntu1~18.04-b01)
# Java VM: OpenJDK 64-Bit Server VM (25.275-b01 mixed mode linux-amd64 compressed oops)
Heap:
 PSYoungGen      total 962048K, used 23008K [0x0000000780000000, 0x00000007c0000000, 0x00000007c0000000)
  eden space 939008K, 0% used [0x0000000780000000,0x0000000780000000,0x00000007b9500000)
  from space 23040K, 99% used [0x00000007be980000,0x00000007bfff8180,0x00000007c0000000)
  to   space 54784K, 0% used [0x00000007b9500000,0x00000007b9500000,0x00000007bca80000)
 ParOldGen       total 805376K, used 784491K [0x0000000700000000, 0x0000000731280000, 0x0000000780000000)
  object space 805376K, 97% used [0x0000000700000000,0x000000072fe1ae80,0x0000000731280000)
 Metaspace       used 67825K, capacity 76874K, committed 77080K, reserved 1114112K
  class space    used 9633K, capacity 11709K, committed 11800K, reserved 1048576K
GC Heap History (10 events):
Event: 5207.882 GC heap after
Heap after GC invocations=1021 (full 5):
 PSYoungGen      total 1034752K, used 5776K [0x0000000780000000, 0x00000007bff00000, 0x00000007c0000000)
  eden space 1022976K, 0% used [0x0000000780000000,0x0000000780000000,0x00000007be700000)
  from space 11776K, 49% used [0x00000007bf380000,0x00000007bf924110,0x00000007bff00000)
  to   space 12288K, 0% used [0x00000007be700000,0x00000007be700000,0x00000007bf300000)
 ParOldGen       total 805376K, used 687773K [0x0000000700000000, 0x0000000731280000, 0x0000000780000000)
  object space 805376K, 85% used [0x0000000700000000,0x0000000729fa7788,0x0000000731280000)
 Metaspace       used 67298K, capacity 76096K, committed 76440K, reserved 1114112K
  class space    used 9533K, capacity 11562K, committed 11672K, reserved 1048576K
}
Event: 5214.511 GC heap before
{Heap before GC invocations=1022 (full 5):
 PSYoungGen      total 1034752K, used 1028752K [0x0000000780000000, 0x00000007bff00000, 0x00000007c0000000)
  eden space 1022976K, 100% used [0x0000000780000000,0x00000007be700000,0x00000007be700000)
  from space 11776K, 49% used [0x00000007bf380000,0x00000007bf924110,0x00000007bff00000)
  to   space 12288K, 0% used [0x00000007be700000,0x00000007be700000,0x00000007bf300000)
 ParOldGen       total 805376K, used 687773K [0x0000000700000000, 0x0000000731280000, 0x0000000780000000)
  object space 805376K, 85% used [0x0000000700000000,0x0000000729fa7788,0x0000000731280000)
 Metaspace       used 67298K, capacity 76096K, committed 76440K, reserved 1114112K
  class space    used 9533K, capacity 11562K, committed 11672K, reserved 1048576K
Event: 5214.521 GC heap after
Heap after GC invocations=1022 (full 5):
 PSYoungGen      total 1035264K, used 6064K [0x0000000780000000, 0x00000007bff80000, 0x00000007c0000000)
  eden space 1022976K, 0% used [0x0000000780000000,0x0000000780000000,0x00000007be700000)
  from space 12288K, 49% used [0x00000007be700000,0x00000007becec180,0x00000007bf300000)
  to   space 11776K, 0% used [0x00000007bf400000,0x00000007bf400000,0x00000007bff80000)
 ParOldGen       total 805376K, used 687853K [0x0000000700000000, 0x0000000731280000, 0x0000000780000000)
  object space 805376K, 85% used [0x0000000700000000,0x0000000729fbb788,0x0000000731280000)
 Metaspace       used 67298K, capacity 76096K, committed 76440K, reserved 1114112K
  class space    used 9533K, capacity 11562K, committed 11672K, reserved 1048576K
}
Event: 5220.644 GC heap before
{Heap before GC invocations=1023 (full 5):
 PSYoungGen      total 1035264K, used 1029040K [0x0000000780000000, 0x00000007bff80000, 0x00000007c0000000)
  eden space 1022976K, 100% used [0x0000000780000000,0x00000007be700000,0x00000007be700000)
  from space 12288K, 49% used [0x00000007be700000,0x00000007becec180,0x00000007bf300000)
  to   space 11776K, 0% used [0x00000007bf400000,0x00000007bf400000,0x00000007bff80000)
 ParOldGen       total 805376K, used 687853K [0x0000000700000000, 0x0000000731280000, 0x0000000780000000)
  object space 805376K, 85% used [0x0000000700000000,0x0000000729fbb788,0x0000000731280000)
 Metaspace       used 67631K, capacity 76548K, committed 76696K, reserved 1114112K
  class space    used 9606K, capacity 11640K, committed 11672K, reserved 1048576K
Event: 5220.671 GC heap after
Heap after GC invocations=1023 (full 5):
 PSYoungGen      total 1014272K, used 11760K [0x0000000780000000, 0x00000007c0000000, 0x00000007c0000000)
  eden space 1002496K, 0% used [0x0000000780000000,0x0000000780000000,0x00000007bd300000)
  from space 11776K, 99% used [0x00000007bf400000,0x00000007bff7c1c8,0x00000007bff80000)
  to   space 23040K, 0% used [0x00000007bd300000,0x00000007bd300000,0x00000007be980000)
 ParOldGen       total 805376K, used 714886K [0x0000000700000000, 0x0000000731280000, 0x0000000780000000)
  object space 805376K, 88% used [0x0000000700000000,0x000000072ba219d0,0x0000000731280000)
 Metaspace       used 67631K, capacity 76548K, committed 76696K, reserved 1114112K
  class space    used 9606K, capacity 11640K, committed 11672K, reserved 1048576K
}
Event: 5229.909 GC heap before
{Heap before GC invocations=1024 (full 5):
 PSYoungGen      total 1014272K, used 1014256K [0x0000000780000000, 0x00000007c0000000, 0x00000007c0000000)
  eden space 1002496K, 100% used [0x0000000780000000,0x00000007bd300000,0x00000007bd300000)
  from space 11776K, 99% used [0x00000007bf400000,0x00000007bff7c1c8,0x00000007bff80000)
  to   space 23040K, 0% used [0x00000007bd300000,0x00000007bd300000,0x00000007be980000)
 ParOldGen       total 805376K, used 714886K [0x0000000700000000, 0x0000000731280000, 0x0000000780000000)
  object space 805376K, 88% used [0x0000000700000000,0x000000072ba219d0,0x0000000731280000)
 Metaspace       used 67777K, capacity 76826K, committed 77080K, reserved 1114112K
  class space    used 9629K, capacity 11705K, committed 11800K, reserved 1048576K
Event: 5229.927 GC heap after
Heap after GC invocations=1024 (full 5):
 PSYoungGen      total 1025536K, used 23024K [0x0000000780000000, 0x00000007c0000000, 0x00000007c0000000)
  eden space 1002496K, 0% used [0x0000000780000000,0x0000000780000000,0x00000007bd300000)
  from space 23040K, 99% used [0x00000007bd300000,0x00000007be97c290,0x00000007be980000)
  to   space 23040K, 0% used [0x00000007be980000,0x00000007be980000,0x00000007c0000000)
 ParOldGen       total 805376K, used 726205K [0x0000000700000000, 0x0000000731280000, 0x0000000780000000)
  object space 805376K, 90% used [0x0000000700000000,0x000000072c52f578,0x0000000731280000)
 Metaspace       used 67777K, capacity 76826K, committed 77080K, reserved 1114112K
  class space    used 9629K, capacity 11705K, committed 11800K, reserved 1048576K
}
Event: 5240.564 GC heap before
{Heap before GC invocations=1025 (full 5):
 PSYoungGen      total 1025536K, used 1025520K [0x0000000780000000, 0x00000007c0000000, 0x00000007c0000000)
  eden space 1002496K, 100% used [0x0000000780000000,0x00000007bd300000,0x00000007bd300000)
  from space 23040K, 99% used [0x00000007bd300000,0x00000007be97c290,0x00000007be980000)
  to   space 23040K, 0% used [0x00000007be980000,0x00000007be980000,0x00000007c0000000)
 ParOldGen       total 805376K, used 726205K [0x0000000700000000, 0x0000000731280000, 0x0000000780000000)
  object space 805376K, 90% used [0x0000000700000000,0x000000072c52f578,0x0000000731280000)
 Metaspace       used 67825K, capacity 76874K, committed 77080K, reserved 1114112K
  class space    used 9633K, capacity 11709K, committed 11800K, reserved 1048576K
Event: 5240.600 GC heap after
Heap after GC invocations=1025 (full 5):
 PSYoungGen      total 962048K, used 23008K [0x0000000780000000, 0x00000007c0000000, 0x00000007c0000000)
  eden space 939008K, 0% used [0x0000000780000000,0x0000000780000000,0x00000007b9500000)
  from space 23040K, 99% used [0x00000007be980000,0x00000007bfff8180,0x00000007c0000000)
  to   space 54784K, 0% used [0x00000007b9500000,0x00000007b9500000,0x00000007bca80000)
 ParOldGen       total 805376K, used 784491K [0x0000000700000000, 0x0000000731280000, 0x0000000780000000)
  object space 805376K, 97% used [0x0000000700000000,0x000000072fe1ae80,0x0000000731280000)
 Metaspace       used 67825K, capacity 76874K, committed 77080K, reserved 1114112K
  class space    used 9633K, capacity 11709K, committed 11800K, reserved 1048576K
}
Event: 5240.600 GC heap before
{Heap before GC invocations=1026 (full 6):
 PSYoungGen      total 962048K, used 23008K [0x0000000780000000, 0x00000007c0000000, 0x00000007c0000000)
  eden space 939008K, 0% used [0x0000000780000000,0x0000000780000000,0x00000007b9500000)
  from space 23040K, 99% used [0x00000007be980000,0x00000007bfff8180,0x00000007c0000000)
  to   space 54784K, 0% used [0x00000007b9500000,0x00000007b9500000,0x00000007bca80000)
 ParOldGen       total 805376K, used 784491K [0x0000000700000000, 0x0000000731280000, 0x0000000780000000)
  object space 805376K, 97% used [0x0000000700000000,0x000000072fe1ae80,0x0000000731280000)
 Metaspace       used 67825K, capacity 76874K, committed 77080K, reserved 1114112K
  class space    used 9633K, capacity 11709K, committed 11800K, reserved 1048576K

