# JRE version: OpenJDK Runtime Environment (8.0_275-b01) (build 1.8.0_275-8u275-b01-0ubuntu1~18.04-b01)
# Java VM: OpenJDK 64-Bit Server VM (25.275-b01 mixed mode linux-amd64 compressed oops)
Heap:
 PSYoungGen      total 1008128K, used 888993K [0x0000000780000000, 0x00000007c0000000, 0x00000007c0000000)
  eden space 1001472K, 88% used [0x0000000780000000,0x00000007b5dabbd8,0x00000007bd200000)
  from space 6656K, 99% used [0x00000007bf980000,0x00000007bfffcba0,0x00000007c0000000)
  to   space 23552K, 0% used [0x00000007bd200000,0x00000007bd200000,0x00000007be900000)
 ParOldGen       total 828928K, used 544968K [0x0000000700000000, 0x0000000732980000, 0x0000000780000000)
  object space 828928K, 65% used [0x0000000700000000,0x0000000721432060,0x0000000732980000)
 Metaspace       used 67522K, capacity 76813K, committed 76824K, reserved 1114112K
  class space    used 9694K, capacity 11792K, committed 11800K, reserved 1048576K
GC Heap History (10 events):
Event: 4198.566 GC heap before
{Heap before GC invocations=653 (full 5):
 PSYoungGen      total 1040896K, used 1040080K [0x0000000780000000, 0x00000007c0000000, 0x00000007c0000000)
  eden space 1034240K, 100% used [0x0000000780000000,0x00000007bf200000,0x00000007bf200000)
  from space 6656K, 87% used [0x00000007bf200000,0x00000007bf7b4120,0x00000007bf880000)
  to   space 6656K, 0% used [0x00000007bf980000,0x00000007bf980000,0x00000007c0000000)
 ParOldGen       total 828928K, used 498224K [0x0000000700000000, 0x0000000732980000, 0x0000000780000000)
  object space 828928K, 60% used [0x0000000700000000,0x000000071e68c370,0x0000000732980000)
 Metaspace       used 66117K, capacity 74377K, committed 74648K, reserved 1112064K
  class space    used 9409K, capacity 11350K, committed 11416K, reserved 1048576K
Event: 4198.575 GC heap after
Heap after GC invocations=653 (full 5):
 PSYoungGen      total 1041920K, used 5872K [0x0000000780000000, 0x00000007c0000000, 0x00000007c0000000)
  eden space 1035264K, 0% used [0x0000000780000000,0x0000000780000000,0x00000007bf300000)
  from space 6656K, 88% used [0x00000007bf980000,0x00000007bff3c128,0x00000007c0000000)
  to   space 6656K, 0% used [0x00000007bf300000,0x00000007bf300000,0x00000007bf980000)
 ParOldGen       total 828928K, used 498368K [0x0000000700000000, 0x0000000732980000, 0x0000000780000000)
  object space 828928K, 60% used [0x0000000700000000,0x000000071e6b0370,0x0000000732980000)
 Metaspace       used 66117K, capacity 74377K, committed 74648K, reserved 1112064K
  class space    used 9409K, capacity 11350K, committed 11416K, reserved 1048576K
}
Event: 4206.429 GC heap before
{Heap before GC invocations=654 (full 5):
 PSYoungGen      total 1041920K, used 1041136K [0x0000000780000000, 0x00000007c0000000, 0x00000007c0000000)
  eden space 1035264K, 100% used [0x0000000780000000,0x00000007bf300000,0x00000007bf300000)
  from space 6656K, 88% used [0x00000007bf980000,0x00000007bff3c128,0x00000007c0000000)
  to   space 6656K, 0% used [0x00000007bf300000,0x00000007bf300000,0x00000007bf980000)
 ParOldGen       total 828928K, used 498368K [0x0000000700000000, 0x0000000732980000, 0x0000000780000000)
  object space 828928K, 60% used [0x0000000700000000,0x000000071e6b0370,0x0000000732980000)
 Metaspace       used 66117K, capacity 74377K, committed 74648K, reserved 1112064K
  class space    used 9409K, capacity 11350K, committed 11416K, reserved 1048576K
Event: 4206.438 GC heap after
Heap after GC invocations=654 (full 5):
 PSYoungGen      total 1041920K, used 5856K [0x0000000780000000, 0x00000007c0000000, 0x00000007c0000000)
  eden space 1035264K, 0% used [0x0000000780000000,0x0000000780000000,0x00000007bf300000)
  from space 6656K, 87% used [0x00000007bf300000,0x00000007bf8b8150,0x00000007bf980000)
  to   space 6656K, 0% used [0x00000007bf980000,0x00000007bf980000,0x00000007c0000000)
 ParOldGen       total 828928K, used 498540K [0x0000000700000000, 0x0000000732980000, 0x0000000780000000)
  object space 828928K, 60% used [0x0000000700000000,0x000000071e6db3a0,0x0000000732980000)
 Metaspace       used 66117K, capacity 74377K, committed 74648K, reserved 1112064K
  class space    used 9409K, capacity 11350K, committed 11416K, reserved 1048576K
}
Event: 4214.141 GC heap before
{Heap before GC invocations=655 (full 5):
 PSYoungGen      total 1041920K, used 1041120K [0x0000000780000000, 0x00000007c0000000, 0x00000007c0000000)
  eden space 1035264K, 100% used [0x0000000780000000,0x00000007bf300000,0x00000007bf300000)
  from space 6656K, 87% used [0x00000007bf300000,0x00000007bf8b8150,0x00000007bf980000)
  to   space 6656K, 0% used [0x00000007bf980000,0x00000007bf980000,0x00000007c0000000)
 ParOldGen       total 828928K, used 498540K [0x0000000700000000, 0x0000000732980000, 0x0000000780000000)
  object space 828928K, 60% used [0x0000000700000000,0x000000071e6db3a0,0x0000000732980000)
 Metaspace       used 66129K, capacity 74377K, committed 74648K, reserved 1112064K
  class space    used 9409K, capacity 11350K, committed 11416K, reserved 1048576K
Event: 4214.165 GC heap after
Heap after GC invocations=655 (full 5):
 PSYoungGen      total 1041920K, used 5920K [0x0000000780000000, 0x00000007c0000000, 0x00000007c0000000)
  eden space 1035264K, 0% used [0x0000000780000000,0x0000000780000000,0x00000007bf300000)
  from space 6656K, 88% used [0x00000007bf980000,0x00000007bff48168,0x00000007c0000000)
  to   space 6656K, 0% used [0x00000007bf300000,0x00000007bf300000,0x00000007bf980000)
 ParOldGen       total 828928K, used 498636K [0x0000000700000000, 0x0000000732980000, 0x0000000780000000)
  object space 828928K, 60% used [0x0000000700000000,0x000000071e6f33d0,0x0000000732980000)
 Metaspace       used 66129K, capacity 74377K, committed 74648K, reserved 1112064K
  class space    used 9409K, capacity 11350K, committed 11416K, reserved 1048576K
}
Event: 4220.398 GC heap before
{Heap before GC invocations=656 (full 5):
 PSYoungGen      total 1041920K, used 1041184K [0x0000000780000000, 0x00000007c0000000, 0x00000007c0000000)
  eden space 1035264K, 100% used [0x0000000780000000,0x00000007bf300000,0x00000007bf300000)
  from space 6656K, 88% used [0x00000007bf980000,0x00000007bff48168,0x00000007c0000000)
  to   space 6656K, 0% used [0x00000007bf300000,0x00000007bf300000,0x00000007bf980000)
 ParOldGen       total 828928K, used 498636K [0x0000000700000000, 0x0000000732980000, 0x0000000780000000)
  object space 828928K, 60% used [0x0000000700000000,0x000000071e6f33d0,0x0000000732980000)
 Metaspace       used 66632K, capacity 75003K, committed 75288K, reserved 1114112K
  class space    used 9483K, capacity 11461K, committed 11544K, reserved 1048576K
Event: 4220.412 GC heap after
Heap after GC invocations=656 (full 5):
 PSYoungGen      total 1041920K, used 6640K [0x0000000780000000, 0x00000007c0000000, 0x00000007c0000000)
  eden space 1035264K, 0% used [0x0000000780000000,0x0000000780000000,0x00000007bf300000)
  from space 6656K, 99% used [0x00000007bf300000,0x00000007bf97c048,0x00000007bf980000)
  to   space 6656K, 0% used [0x00000007bf980000,0x00000007bf980000,0x00000007c0000000)
 ParOldGen       total 828928K, used 507608K [0x0000000700000000, 0x0000000732980000, 0x0000000780000000)
  object space 828928K, 61% used [0x0000000700000000,0x000000071efb6118,0x0000000732980000)
 Metaspace       used 66632K, capacity 75003K, committed 75288K, reserved 1114112K
  class space    used 9483K, capacity 11461K, committed 11544K, reserved 1048576K
}
Event: 4225.413 GC heap before
{Heap before GC invocations=657 (full 5):
 PSYoungGen      total 1041920K, used 1041786K [0x0000000780000000, 0x00000007c0000000, 0x00000007c0000000)
  eden space 1035264K, 99% used [0x0000000780000000,0x00000007bf2e2880,0x00000007bf300000)
  from space 6656K, 99% used [0x00000007bf300000,0x00000007bf97c048,0x00000007bf980000)
  to   space 6656K, 0% used [0x00000007bf980000,0x00000007bf980000,0x00000007c0000000)
 ParOldGen       total 828928K, used 507608K [0x0000000700000000, 0x0000000732980000, 0x0000000780000000)
  object space 828928K, 61% used [0x0000000700000000,0x000000071efb6118,0x0000000732980000)
 Metaspace       used 67502K, capacity 76805K, committed 76824K, reserved 1114112K
  class space    used 9694K, capacity 11792K, committed 11800K, reserved 1048576K
Event: 4225.467 GC heap after
Heap after GC invocations=657 (full 5):
 PSYoungGen      total 1008128K, used 6642K [0x0000000780000000, 0x00000007c0000000, 0x00000007c0000000)
  eden space 1001472K, 0% used [0x0000000780000000,0x0000000780000000,0x00000007bd200000)
  from space 6656K, 99% used [0x00000007bf980000,0x00000007bfffcba0,0x00000007c0000000)
  to   space 23552K, 0% used [0x00000007bd200000,0x00000007bd200000,0x00000007be900000)
 ParOldGen       total 828928K, used 544968K [0x0000000700000000, 0x0000000732980000, 0x0000000780000000)
  object space 828928K, 65% used [0x0000000700000000,0x0000000721432060,0x0000000732980000)
 Metaspace       used 67502K, capacity 76805K, committed 76824K, reserved 1114112K
  class space    used 9694K, capacity 11792K, committed 11800K, reserved 1048576K
}

