# JRE version: OpenJDK Runtime Environment (8.0_275-b01) (build 1.8.0_275-8u275-b01-0ubuntu1~18.04-b01)
# Java VM: OpenJDK 64-Bit Server VM (25.275-b01 mixed mode linux-amd64 compressed oops)
Heap:
 PSYoungGen      total 1026560K, used 799930K [0x0000000780000000, 0x00000007bff00000, 0x00000007c0000000)
  eden space 1007104K, 78% used [0x0000000780000000,0x00000007b0252988,0x00000007bd780000)
  from space 19456K, 57% used [0x00000007bd780000,0x00000007be25c0d8,0x00000007bea80000)
  to   space 18944K, 0% used [0x00000007bec80000,0x00000007bec80000,0x00000007bff00000)
 ParOldGen       total 385024K, used 327804K [0x0000000700000000, 0x0000000717800000, 0x0000000780000000)
  object space 385024K, 85% used [0x0000000700000000,0x000000071401f0d0,0x0000000717800000)
 Metaspace       used 64383K, capacity 72222K, committed 72496K, reserved 1110016K
  class space    used 9333K, capacity 11249K, committed 11312K, reserved 1048576K
GC Heap History (10 events):
Event: 533.425 GC heap before
{Heap before GC invocations=132 (full 3):
 PSYoungGen      total 1021952K, used 1015920K [0x0000000780000000, 0x00000007bfb00000, 0x00000007c0000000)
  eden space 1001472K, 100% used [0x0000000780000000,0x00000007bd200000,0x00000007bd200000)
  from space 20480K, 70% used [0x00000007be700000,0x00000007bf51c168,0x00000007bfb00000)
  to   space 20992K, 0% used [0x00000007bd200000,0x00000007bd200000,0x00000007be680000)
 ParOldGen       total 385024K, used 319182K [0x0000000700000000, 0x0000000717800000, 0x0000000780000000)
  object space 385024K, 82% used [0x0000000700000000,0x00000007137b3a70,0x0000000717800000)
 Metaspace       used 64334K, capacity 72214K, committed 72496K, reserved 1110016K
  class space    used 9332K, capacity 11249K, committed 11312K, reserved 1048576K
Event: 533.433 GC heap after
Heap after GC invocations=132 (full 3):
 PSYoungGen      total 1022464K, used 12912K [0x0000000780000000, 0x00000007bfd80000, 0x00000007c0000000)
  eden space 1001472K, 0% used [0x0000000780000000,0x0000000780000000,0x00000007bd200000)
  from space 20992K, 61% used [0x00000007bd200000,0x00000007bde9c158,0x00000007be680000)
  to   space 20480K, 0% used [0x00000007be980000,0x00000007be980000,0x00000007bfd80000)
 ParOldGen       total 385024K, used 320894K [0x0000000700000000, 0x0000000717800000, 0x0000000780000000)
  object space 385024K, 83% used [0x0000000700000000,0x000000071395fbd0,0x0000000717800000)
 Metaspace       used 64334K, capacity 72214K, committed 72496K, reserved 1110016K
  class space    used 9332K, capacity 11249K, committed 11312K, reserved 1048576K
}
Event: 543.737 GC heap before
{Heap before GC invocations=133 (full 3):
 PSYoungGen      total 1022464K, used 1014384K [0x0000000780000000, 0x00000007bfd80000, 0x00000007c0000000)
  eden space 1001472K, 100% used [0x0000000780000000,0x00000007bd200000,0x00000007bd200000)
  from space 20992K, 61% used [0x00000007bd200000,0x00000007bde9c158,0x00000007be680000)
  to   space 20480K, 0% used [0x00000007be980000,0x00000007be980000,0x00000007bfd80000)
 ParOldGen       total 385024K, used 320894K [0x0000000700000000, 0x0000000717800000, 0x0000000780000000)
  object space 385024K, 83% used [0x0000000700000000,0x000000071395fbd0,0x0000000717800000)
 Metaspace       used 64349K, capacity 72214K, committed 72496K, reserved 1110016K
  class space    used 9332K, capacity 11249K, committed 11312K, reserved 1048576K
Event: 543.746 GC heap after
Heap after GC invocations=133 (full 3):
 PSYoungGen      total 1024512K, used 8432K [0x0000000780000000, 0x00000007bfd00000, 0x00000007c0000000)
  eden space 1004544K, 0% used [0x0000000780000000,0x0000000780000000,0x00000007bd500000)
  from space 19968K, 42% used [0x00000007be980000,0x00000007bf1bc128,0x00000007bfd00000)
  to   space 20480K, 0% used [0x00000007bd500000,0x00000007bd500000,0x00000007be900000)
 ParOldGen       total 385024K, used 325903K [0x0000000700000000, 0x0000000717800000, 0x0000000780000000)
  object space 385024K, 84% used [0x0000000700000000,0x0000000713e43f18,0x0000000717800000)
 Metaspace       used 64349K, capacity 72214K, committed 72496K, reserved 1110016K
  class space    used 9332K, capacity 11249K, committed 11312K, reserved 1048576K
}
Event: 555.218 GC heap before
{Heap before GC invocations=134 (full 3):
 PSYoungGen      total 1024512K, used 1012976K [0x0000000780000000, 0x00000007bfd00000, 0x00000007c0000000)
  eden space 1004544K, 100% used [0x0000000780000000,0x00000007bd500000,0x00000007bd500000)
  from space 19968K, 42% used [0x00000007be980000,0x00000007bf1bc128,0x00000007bfd00000)
  to   space 20480K, 0% used [0x00000007bd500000,0x00000007bd500000,0x00000007be900000)
 ParOldGen       total 385024K, used 325903K [0x0000000700000000, 0x0000000717800000, 0x0000000780000000)
  object space 385024K, 84% used [0x0000000700000000,0x0000000713e43f18,0x0000000717800000)
 Metaspace       used 64375K, capacity 72218K, committed 72496K, reserved 1110016K
  class space    used 9332K, capacity 11249K, committed 11312K, reserved 1048576K
Event: 555.231 GC heap after
Heap after GC invocations=134 (full 3):
 PSYoungGen      total 1025024K, used 11920K [0x0000000780000000, 0x00000007bff00000, 0x00000007c0000000)
  eden space 1004544K, 0% used [0x0000000780000000,0x0000000780000000,0x00000007bd500000)
  from space 20480K, 58% used [0x00000007bd500000,0x00000007be0a42c8,0x00000007be900000)
  to   space 19968K, 0% used [0x00000007beb80000,0x00000007beb80000,0x00000007bff00000)
 ParOldGen       total 385024K, used 326740K [0x0000000700000000, 0x0000000717800000, 0x0000000780000000)
  object space 385024K, 84% used [0x0000000700000000,0x0000000713f15010,0x0000000717800000)
 Metaspace       used 64375K, capacity 72218K, committed 72496K, reserved 1110016K
  class space    used 9332K, capacity 11249K, committed 11312K, reserved 1048576K
}
Event: 569.218 GC heap before
{Heap before GC invocations=135 (full 3):
 PSYoungGen      total 1025024K, used 1016464K [0x0000000780000000, 0x00000007bff00000, 0x00000007c0000000)
  eden space 1004544K, 100% used [0x0000000780000000,0x00000007bd500000,0x00000007bd500000)
  from space 20480K, 58% used [0x00000007bd500000,0x00000007be0a42c8,0x00000007be900000)
  to   space 19968K, 0% used [0x00000007beb80000,0x00000007beb80000,0x00000007bff00000)
 ParOldGen       total 385024K, used 326740K [0x0000000700000000, 0x0000000717800000, 0x0000000780000000)
  object space 385024K, 84% used [0x0000000700000000,0x0000000713f15010,0x0000000717800000)
 Metaspace       used 64379K, capacity 72222K, committed 72496K, reserved 1110016K
  class space    used 9332K, capacity 11249K, committed 11312K, reserved 1048576K
Event: 569.231 GC heap after
Heap after GC invocations=135 (full 3):
 PSYoungGen      total 1025536K, used 10992K [0x0000000780000000, 0x00000007bfd80000, 0x00000007c0000000)
  eden space 1007104K, 0% used [0x0000000780000000,0x0000000780000000,0x00000007bd780000)
  from space 18432K, 59% used [0x00000007beb80000,0x00000007bf63c0b8,0x00000007bfd80000)
  to   space 19456K, 0% used [0x00000007bd780000,0x00000007bd780000,0x00000007bea80000)
 ParOldGen       total 385024K, used 327756K [0x0000000700000000, 0x0000000717800000, 0x0000000780000000)
  object space 385024K, 85% used [0x0000000700000000,0x00000007140130d0,0x0000000717800000)
 Metaspace       used 64379K, capacity 72222K, committed 72496K, reserved 1110016K
  class space    used 9332K, capacity 11249K, committed 11312K, reserved 1048576K
}
Event: 583.040 GC heap before
{Heap before GC invocations=136 (full 3):
 PSYoungGen      total 1025536K, used 1018096K [0x0000000780000000, 0x00000007bfd80000, 0x00000007c0000000)
  eden space 1007104K, 100% used [0x0000000780000000,0x00000007bd780000,0x00000007bd780000)
  from space 18432K, 59% used [0x00000007beb80000,0x00000007bf63c0b8,0x00000007bfd80000)
  to   space 19456K, 0% used [0x00000007bd780000,0x00000007bd780000,0x00000007bea80000)
 ParOldGen       total 385024K, used 327756K [0x0000000700000000, 0x0000000717800000, 0x0000000780000000)
  object space 385024K, 85% used [0x0000000700000000,0x00000007140130d0,0x0000000717800000)
 Metaspace       used 64382K, capacity 72222K, committed 72496K, reserved 1110016K
  class space    used 9333K, capacity 11249K, committed 11312K, reserved 1048576K
Event: 583.047 GC heap after
Heap after GC invocations=136 (full 3):
 PSYoungGen      total 1026560K, used 11120K [0x0000000780000000, 0x00000007bff00000, 0x00000007c0000000)
  eden space 1007104K, 0% used [0x0000000780000000,0x0000000780000000,0x00000007bd780000)
  from space 19456K, 57% used [0x00000007bd780000,0x00000007be25c0d8,0x00000007bea80000)
  to   space 18944K, 0% used [0x00000007bec80000,0x00000007bec80000,0x00000007bff00000)
 ParOldGen       total 385024K, used 327804K [0x0000000700000000, 0x0000000717800000, 0x0000000780000000)
  object space 385024K, 85% used [0x0000000700000000,0x000000071401f0d0,0x0000000717800000)
 Metaspace       used 64382K, capacity 72222K, committed 72496K, reserved 1110016K
  class space    used 9333K, capacity 11249K, committed 11312K, reserved 1048576K
}

