# JRE version: OpenJDK Runtime Environment (8.0_275-b01) (build 1.8.0_275-8u275-b01-0ubuntu1~18.04-b01)
# Java VM: OpenJDK 64-Bit Server VM (25.275-b01 mixed mode linux-amd64 compressed oops)
Heap:
 PSYoungGen      total 944640K, used 368394K [0x0000000780000000, 0x00000007bb400000, 0x00000007c0000000)
  eden space 926720K, 38% used [0x0000000780000000,0x00000007959a2778,0x00000007b8900000)
  from space 17920K, 80% used [0x00000007b8900000,0x00000007b9720190,0x00000007b9a80000)
  to   space 17920K, 0% used [0x00000007ba280000,0x00000007ba280000,0x00000007bb400000)
 ParOldGen       total 670208K, used 509389K [0x0000000700000000, 0x0000000728e80000, 0x0000000780000000)
  object space 670208K, 76% used [0x0000000700000000,0x000000071f173538,0x0000000728e80000)
 Metaspace       used 66229K, capacity 74920K, committed 75056K, reserved 1112064K
  class space    used 9534K, capacity 11552K, committed 11568K, reserved 1048576K
GC Heap History (10 events):
Event: 2075.920 GC heap before
{Heap before GC invocations=540 (full 5):
 PSYoungGen      total 929792K, used 926048K [0x0000000780000000, 0x00000007b9f00000, 0x00000007c0000000)
  eden space 911360K, 100% used [0x0000000780000000,0x00000007b7a00000,0x00000007b7a00000)
  from space 18432K, 79% used [0x00000007b8d00000,0x00000007b9b58190,0x00000007b9f00000)
  to   space 18944K, 0% used [0x00000007b7a00000,0x00000007b7a00000,0x00000007b8c80000)
 ParOldGen       total 670208K, used 508080K [0x0000000700000000, 0x0000000728e80000, 0x0000000780000000)
  object space 670208K, 75% used [0x0000000700000000,0x000000071f02c2f8,0x0000000728e80000)
 Metaspace       used 66203K, capacity 74880K, committed 75056K, reserved 1112064K
  class space    used 9533K, capacity 11550K, committed 11568K, reserved 1048576K
Event: 2075.930 GC heap after
Heap after GC invocations=540 (full 5):
 PSYoungGen      total 930304K, used 14448K [0x0000000780000000, 0x00000007ba500000, 0x00000007c0000000)
  eden space 911360K, 0% used [0x0000000780000000,0x0000000780000000,0x00000007b7a00000)
  from space 18944K, 76% used [0x00000007b7a00000,0x00000007b881c1b0,0x00000007b8c80000)
  to   space 18432K, 0% used [0x00000007b9300000,0x00000007b9300000,0x00000007ba500000)
 ParOldGen       total 670208K, used 508388K [0x0000000700000000, 0x0000000728e80000, 0x0000000780000000)
  object space 670208K, 75% used [0x0000000700000000,0x000000071f0793a0,0x0000000728e80000)
 Metaspace       used 66203K, capacity 74880K, committed 75056K, reserved 1112064K
  class space    used 9533K, capacity 11550K, committed 11568K, reserved 1048576K
}
Event: 2081.848 GC heap before
{Heap before GC invocations=541 (full 5):
 PSYoungGen      total 930304K, used 925808K [0x0000000780000000, 0x00000007ba500000, 0x00000007c0000000)
  eden space 911360K, 100% used [0x0000000780000000,0x00000007b7a00000,0x00000007b7a00000)
  from space 18944K, 76% used [0x00000007b7a00000,0x00000007b881c1b0,0x00000007b8c80000)
  to   space 18432K, 0% used [0x00000007b9300000,0x00000007b9300000,0x00000007ba500000)
 ParOldGen       total 670208K, used 508388K [0x0000000700000000, 0x0000000728e80000, 0x0000000780000000)
  object space 670208K, 75% used [0x0000000700000000,0x000000071f0793a0,0x0000000728e80000)
 Metaspace       used 66219K, capacity 74892K, committed 75056K, reserved 1112064K
  class space    used 9534K, capacity 11552K, committed 11568K, reserved 1048576K
Event: 2081.862 GC heap after
Heap after GC invocations=541 (full 5):
 PSYoungGen      total 936960K, used 14896K [0x0000000780000000, 0x00000007ba580000, 0x00000007c0000000)
  eden space 918528K, 0% used [0x0000000780000000,0x0000000780000000,0x00000007b8100000)
  from space 18432K, 80% used [0x00000007b9300000,0x00000007ba18c1b0,0x00000007ba500000)
  to   space 18432K, 0% used [0x00000007b8100000,0x00000007b8100000,0x00000007b9300000)
 ParOldGen       total 670208K, used 508524K [0x0000000700000000, 0x0000000728e80000, 0x0000000780000000)
  object space 670208K, 75% used [0x0000000700000000,0x000000071f09b3a0,0x0000000728e80000)
 Metaspace       used 66219K, capacity 74892K, committed 75056K, reserved 1112064K
  class space    used 9534K, capacity 11552K, committed 11568K, reserved 1048576K
}
Event: 2087.672 GC heap before
{Heap before GC invocations=542 (full 5):
 PSYoungGen      total 936960K, used 933424K [0x0000000780000000, 0x00000007ba580000, 0x00000007c0000000)
  eden space 918528K, 100% used [0x0000000780000000,0x00000007b8100000,0x00000007b8100000)
  from space 18432K, 80% used [0x00000007b9300000,0x00000007ba18c1b0,0x00000007ba500000)
  to   space 18432K, 0% used [0x00000007b8100000,0x00000007b8100000,0x00000007b9300000)
 ParOldGen       total 670208K, used 508524K [0x0000000700000000, 0x0000000728e80000, 0x0000000780000000)
  object space 670208K, 75% used [0x0000000700000000,0x000000071f09b3a0,0x0000000728e80000)
 Metaspace       used 66225K, capacity 74912K, committed 75056K, reserved 1112064K
  class space    used 9534K, capacity 11552K, committed 11568K, reserved 1048576K
Event: 2087.684 GC heap after
Heap after GC invocations=542 (full 5):
 PSYoungGen      total 936960K, used 15015K [0x0000000780000000, 0x00000007bad00000, 0x00000007c0000000)
  eden space 918528K, 0% used [0x0000000780000000,0x0000000780000000,0x00000007b8100000)
  from space 18432K, 81% used [0x00000007b8100000,0x00000007b8fa9ff8,0x00000007b9300000)
  to   space 18432K, 0% used [0x00000007b9b00000,0x00000007b9b00000,0x00000007bad00000)
 ParOldGen       total 670208K, used 508853K [0x0000000700000000, 0x0000000728e80000, 0x0000000780000000)
  object space 670208K, 75% used [0x0000000700000000,0x000000071f0ed430,0x0000000728e80000)
 Metaspace       used 66225K, capacity 74912K, committed 75056K, reserved 1112064K
  class space    used 9534K, capacity 11552K, committed 11568K, reserved 1048576K
}
Event: 2093.294 GC heap before
{Heap before GC invocations=543 (full 5):
 PSYoungGen      total 936960K, used 933543K [0x0000000780000000, 0x00000007bad00000, 0x00000007c0000000)
  eden space 918528K, 100% used [0x0000000780000000,0x00000007b8100000,0x00000007b8100000)
  from space 18432K, 81% used [0x00000007b8100000,0x00000007b8fa9ff8,0x00000007b9300000)
  to   space 18432K, 0% used [0x00000007b9b00000,0x00000007b9b00000,0x00000007bad00000)
 ParOldGen       total 670208K, used 508853K [0x0000000700000000, 0x0000000728e80000, 0x0000000780000000)
  object space 670208K, 75% used [0x0000000700000000,0x000000071f0ed430,0x0000000728e80000)
 Metaspace       used 66229K, capacity 74920K, committed 75056K, reserved 1112064K
  class space    used 9534K, capacity 11552K, committed 11568K, reserved 1048576K
Event: 2093.306 GC heap after
Heap after GC invocations=543 (full 5):
 PSYoungGen      total 944128K, used 14688K [0x0000000780000000, 0x00000007bac00000, 0x00000007c0000000)
  eden space 926720K, 0% used [0x0000000780000000,0x0000000780000000,0x00000007b8900000)
  from space 17408K, 84% used [0x00000007b9b00000,0x00000007ba9581c0,0x00000007bac00000)
  to   space 17920K, 0% used [0x00000007b8900000,0x00000007b8900000,0x00000007b9a80000)
 ParOldGen       total 670208K, used 509165K [0x0000000700000000, 0x0000000728e80000, 0x0000000780000000)
  object space 670208K, 75% used [0x0000000700000000,0x000000071f13b4a8,0x0000000728e80000)
 Metaspace       used 66229K, capacity 74920K, committed 75056K, reserved 1112064K
  class space    used 9534K, capacity 11552K, committed 11568K, reserved 1048576K
}
Event: 2099.060 GC heap before
{Heap before GC invocations=544 (full 5):
 PSYoungGen      total 944128K, used 941408K [0x0000000780000000, 0x00000007bac00000, 0x00000007c0000000)
  eden space 926720K, 100% used [0x0000000780000000,0x00000007b8900000,0x00000007b8900000)
  from space 17408K, 84% used [0x00000007b9b00000,0x00000007ba9581c0,0x00000007bac00000)
  to   space 17920K, 0% used [0x00000007b8900000,0x00000007b8900000,0x00000007b9a80000)
 ParOldGen       total 670208K, used 509165K [0x0000000700000000, 0x0000000728e80000, 0x0000000780000000)
  object space 670208K, 75% used [0x0000000700000000,0x000000071f13b4a8,0x0000000728e80000)
 Metaspace       used 66229K, capacity 74920K, committed 75056K, reserved 1112064K
  class space    used 9534K, capacity 11552K, committed 11568K, reserved 1048576K
Event: 2099.073 GC heap after
Heap after GC invocations=544 (full 5):
 PSYoungGen      total 944640K, used 14464K [0x0000000780000000, 0x00000007bb400000, 0x00000007c0000000)
  eden space 926720K, 0% used [0x0000000780000000,0x0000000780000000,0x00000007b8900000)
  from space 17920K, 80% used [0x00000007b8900000,0x00000007b9720190,0x00000007b9a80000)
  to   space 17920K, 0% used [0x00000007ba280000,0x00000007ba280000,0x00000007bb400000)
 ParOldGen       total 670208K, used 509389K [0x0000000700000000, 0x0000000728e80000, 0x0000000780000000)
  object space 670208K, 76% used [0x0000000700000000,0x000000071f173538,0x0000000728e80000)
 Metaspace       used 66229K, capacity 74920K, committed 75056K, reserved 1112064K
  class space    used 9534K, capacity 11552K, committed 11568K, reserved 1048576K
}

