# JRE version: OpenJDK Runtime Environment (8.0_275-b01) (build 1.8.0_275-8u275-b01-0ubuntu1~18.04-b01)
# Java VM: OpenJDK 64-Bit Server VM (25.275-b01 mixed mode linux-amd64 compressed oops)
Heap:
 PSYoungGen      total 1043968K, used 230753K [0x0000000780000000, 0x00000007c0000000, 0x00000007c0000000)
  eden space 1039360K, 21% used [0x0000000780000000,0x000000078dd503b0,0x00000007bf700000)
  from space 4608K, 89% used [0x00000007bf700000,0x00000007bfb08168,0x00000007bfb80000)
  to   space 4608K, 0% used [0x00000007bfb80000,0x00000007bfb80000,0x00000007c0000000)
 ParOldGen       total 934400K, used 536582K [0x0000000700000000, 0x0000000739080000, 0x0000000780000000)
  object space 934400K, 57% used [0x0000000700000000,0x0000000720c01a20,0x0000000739080000)
 Metaspace       used 68663K, capacity 78711K, committed 78896K, reserved 1116160K
  class space    used 9825K, capacity 11987K, committed 12080K, reserved 1048576K
GC Heap History (10 events):
Event: 5292.209 GC heap before
{Heap before GC invocations=881 (full 6):
 PSYoungGen      total 1043968K, used 1043584K [0x0000000780000000, 0x00000007c0000000, 0x00000007c0000000)
  eden space 1039360K, 100% used [0x0000000780000000,0x00000007bf700000,0x00000007bf700000)
  from space 4608K, 91% used [0x00000007bfb80000,0x00000007bffa0150,0x00000007c0000000)
  to   space 4608K, 0% used [0x00000007bf700000,0x00000007bf700000,0x00000007bfb80000)
 ParOldGen       total 934400K, used 536270K [0x0000000700000000, 0x0000000739080000, 0x0000000780000000)
  object space 934400K, 57% used [0x0000000700000000,0x0000000720bb39a8,0x0000000739080000)
 Metaspace       used 68663K, capacity 78711K, committed 78896K, reserved 1116160K
  class space    used 9825K, capacity 11987K, committed 12080K, reserved 1048576K
Event: 5292.216 GC heap after
Heap after GC invocations=881 (full 6):
 PSYoungGen      total 1043968K, used 4240K [0x0000000780000000, 0x00000007c0000000, 0x00000007c0000000)
  eden space 1039360K, 0% used [0x0000000780000000,0x0000000780000000,0x00000007bf700000)
  from space 4608K, 92% used [0x00000007bf700000,0x00000007bfb24270,0x00000007bfb80000)
  to   space 4608K, 0% used [0x00000007bfb80000,0x00000007bfb80000,0x00000007c0000000)
 ParOldGen       total 934400K, used 536378K [0x0000000700000000, 0x0000000739080000, 0x0000000780000000)
  object space 934400K, 57% used [0x0000000700000000,0x0000000720bce9f0,0x0000000739080000)
 Metaspace       used 68663K, capacity 78711K, committed 78896K, reserved 1116160K
  class space    used 9825K, capacity 11987K, committed 12080K, reserved 1048576K
}
Event: 5301.061 GC heap before
{Heap before GC invocations=882 (full 6):
 PSYoungGen      total 1043968K, used 1043600K [0x0000000780000000, 0x00000007c0000000, 0x00000007c0000000)
  eden space 1039360K, 100% used [0x0000000780000000,0x00000007bf700000,0x00000007bf700000)
  from space 4608K, 92% used [0x00000007bf700000,0x00000007bfb24270,0x00000007bfb80000)
  to   space 4608K, 0% used [0x00000007bfb80000,0x00000007bfb80000,0x00000007c0000000)
 ParOldGen       total 934400K, used 536378K [0x0000000700000000, 0x0000000739080000, 0x0000000780000000)
  object space 934400K, 57% used [0x0000000700000000,0x0000000720bce9f0,0x0000000739080000)
 Metaspace       used 68663K, capacity 78711K, committed 78896K, reserved 1116160K
  class space    used 9825K, capacity 11987K, committed 12080K, reserved 1048576K
Event: 5301.069 GC heap after
Heap after GC invocations=882 (full 6):
 PSYoungGen      total 1043968K, used 3920K [0x0000000780000000, 0x00000007c0000000, 0x00000007c0000000)
  eden space 1039360K, 0% used [0x0000000780000000,0x0000000780000000,0x00000007bf700000)
  from space 4608K, 85% used [0x00000007bfb80000,0x00000007bff54138,0x00000007c0000000)
  to   space 4608K, 0% used [0x00000007bf700000,0x00000007bf700000,0x00000007bfb80000)
 ParOldGen       total 934400K, used 536454K [0x0000000700000000, 0x0000000739080000, 0x0000000780000000)
  object space 934400K, 57% used [0x0000000700000000,0x0000000720be1a20,0x0000000739080000)
 Metaspace       used 68663K, capacity 78711K, committed 78896K, reserved 1116160K
  class space    used 9825K, capacity 11987K, committed 12080K, reserved 1048576K
}
Event: 5309.773 GC heap before
{Heap before GC invocations=883 (full 6):
 PSYoungGen      total 1043968K, used 1043280K [0x0000000780000000, 0x00000007c0000000, 0x00000007c0000000)
  eden space 1039360K, 100% used [0x0000000780000000,0x00000007bf700000,0x00000007bf700000)
  from space 4608K, 85% used [0x00000007bfb80000,0x00000007bff54138,0x00000007c0000000)
  to   space 4608K, 0% used [0x00000007bf700000,0x00000007bf700000,0x00000007bfb80000)
 ParOldGen       total 934400K, used 536454K [0x0000000700000000, 0x0000000739080000, 0x0000000780000000)
  object space 934400K, 57% used [0x0000000700000000,0x0000000720be1a20,0x0000000739080000)
 Metaspace       used 68663K, capacity 78711K, committed 78896K, reserved 1116160K
  class space    used 9825K, capacity 11987K, committed 12080K, reserved 1048576K
Event: 5309.786 GC heap after
Heap after GC invocations=883 (full 6):
 PSYoungGen      total 1043968K, used 4128K [0x0000000780000000, 0x00000007c0000000, 0x00000007c0000000)
  eden space 1039360K, 0% used [0x0000000780000000,0x0000000780000000,0x00000007bf700000)
  from space 4608K, 89% used [0x00000007bf700000,0x00000007bfb08168,0x00000007bfb80000)
  to   space 4608K, 0% used [0x00000007bfb80000,0x00000007bfb80000,0x00000007c0000000)
 ParOldGen       total 934400K, used 536518K [0x0000000700000000, 0x0000000739080000, 0x0000000780000000)
  object space 934400K, 57% used [0x0000000700000000,0x0000000720bf1a20,0x0000000739080000)
 Metaspace       used 68663K, capacity 78711K, committed 78896K, reserved 1116160K
  class space    used 9825K, capacity 11987K, committed 12080K, reserved 1048576K
}
Event: 5318.560 GC heap before
{Heap before GC invocations=884 (full 6):
 PSYoungGen      total 1043968K, used 1043488K [0x0000000780000000, 0x00000007c0000000, 0x00000007c0000000)
  eden space 1039360K, 100% used [0x0000000780000000,0x00000007bf700000,0x00000007bf700000)
  from space 4608K, 89% used [0x00000007bf700000,0x00000007bfb08168,0x00000007bfb80000)
  to   space 4608K, 0% used [0x00000007bfb80000,0x00000007bfb80000,0x00000007c0000000)
 ParOldGen       total 934400K, used 536518K [0x0000000700000000, 0x0000000739080000, 0x0000000780000000)
  object space 934400K, 57% used [0x0000000700000000,0x0000000720bf1a20,0x0000000739080000)
 Metaspace       used 68663K, capacity 78711K, committed 78896K, reserved 1116160K
  class space    used 9825K, capacity 11987K, committed 12080K, reserved 1048576K
Event: 5318.569 GC heap after
Heap after GC invocations=884 (full 6):
 PSYoungGen      total 1043968K, used 3920K [0x0000000780000000, 0x00000007c0000000, 0x00000007c0000000)
  eden space 1039360K, 0% used [0x0000000780000000,0x0000000780000000,0x00000007bf700000)
  from space 4608K, 85% used [0x00000007bfb80000,0x00000007bff54150,0x00000007c0000000)
  to   space 4608K, 0% used [0x00000007bf700000,0x00000007bf700000,0x00000007bfb80000)
 ParOldGen       total 934400K, used 536550K [0x0000000700000000, 0x0000000739080000, 0x0000000780000000)
  object space 934400K, 57% used [0x0000000700000000,0x0000000720bf9a20,0x0000000739080000)
 Metaspace       used 68663K, capacity 78711K, committed 78896K, reserved 1116160K
  class space    used 9825K, capacity 11987K, committed 12080K, reserved 1048576K
}
Event: 5327.518 GC heap before
{Heap before GC invocations=885 (full 6):
 PSYoungGen      total 1043968K, used 1043280K [0x0000000780000000, 0x00000007c0000000, 0x00000007c0000000)
  eden space 1039360K, 100% used [0x0000000780000000,0x00000007bf700000,0x00000007bf700000)
  from space 4608K, 85% used [0x00000007bfb80000,0x00000007bff54150,0x00000007c0000000)
  to   space 4608K, 0% used [0x00000007bf700000,0x00000007bf700000,0x00000007bfb80000)
 ParOldGen       total 934400K, used 536550K [0x0000000700000000, 0x0000000739080000, 0x0000000780000000)
  object space 934400K, 57% used [0x0000000700000000,0x0000000720bf9a20,0x0000000739080000)
 Metaspace       used 68663K, capacity 78711K, committed 78896K, reserved 1116160K
  class space    used 9825K, capacity 11987K, committed 12080K, reserved 1048576K
Event: 5327.523 GC heap after
Heap after GC invocations=885 (full 6):
 PSYoungGen      total 1043968K, used 4128K [0x0000000780000000, 0x00000007c0000000, 0x00000007c0000000)
  eden space 1039360K, 0% used [0x0000000780000000,0x0000000780000000,0x00000007bf700000)
  from space 4608K, 89% used [0x00000007bf700000,0x00000007bfb08168,0x00000007bfb80000)
  to   space 4608K, 0% used [0x00000007bfb80000,0x00000007bfb80000,0x00000007c0000000)
 ParOldGen       total 934400K, used 536582K [0x0000000700000000, 0x0000000739080000, 0x0000000780000000)
  object space 934400K, 57% used [0x0000000700000000,0x0000000720c01a20,0x0000000739080000)
 Metaspace       used 68663K, capacity 78711K, committed 78896K, reserved 1116160K
  class space    used 9825K, capacity 11987K, committed 12080K, reserved 1048576K
}

