# JRE version: OpenJDK Runtime Environment (8.0_265-b01) (build 1.8.0_265-8u265-b01-0ubuntu2~18.04-b01)
# Java VM: OpenJDK 64-Bit Server VM (25.265-b01 mixed mode linux-amd64 compressed oops)
Heap:
 PSYoungGen      total 198656K, used 184437K [0x0000000780000000, 0x000000078e580000, 0x00000007c0000000)
  eden space 197632K, 92% used [0x0000000780000000,0x000000078b36d528,0x000000078c100000)
  from space 1024K, 68% used [0x000000078df00000,0x000000078dfb0048,0x000000078e000000)
  to   space 3584K, 0% used [0x000000078e200000,0x000000078e200000,0x000000078e580000)
 ParOldGen       total 1549312K, used 1264515K [0x0000000700000000, 0x000000075e900000, 0x0000000780000000)
  object space 1549312K, 81% used [0x0000000700000000,0x000000074d2e0d78,0x000000075e900000)
 Metaspace       used 69703K, capacity 80523K, committed 80768K, reserved 1118208K
  class space    used 9560K, capacity 11884K, committed 11904K, reserved 1048576K
GC Heap History (10 events):
Event: 90443.340 GC heap before
{Heap before GC invocations=9296 (full 11):
 PSYoungGen      total 207360K, used 207232K [0x0000000780000000, 0x000000078ea80000, 0x00000007c0000000)
  eden space 205312K, 100% used [0x0000000780000000,0x000000078c880000,0x000000078c880000)
  from space 2048K, 93% used [0x000000078e880000,0x000000078ea600b8,0x000000078ea80000)
  to   space 2560K, 0% used [0x000000078e580000,0x000000078e580000,0x000000078e800000)
 ParOldGen       total 1549312K, used 1261891K [0x0000000700000000, 0x000000075e900000, 0x0000000780000000)
  object space 1549312K, 81% used [0x0000000700000000,0x000000074d050d78,0x000000075e900000)
 Metaspace       used 69703K, capacity 80523K, committed 80768K, reserved 1118208K
  class space    used 9560K, capacity 11884K, committed 11904K, reserved 1048576K
Event: 90443.350 GC heap after
Heap after GC invocations=9296 (full 11):
 PSYoungGen      total 206336K, used 2528K [0x0000000780000000, 0x000000078e900000, 0x00000007c0000000)
  eden space 203776K, 0% used [0x0000000780000000,0x0000000780000000,0x000000078c700000)
  from space 2560K, 98% used [0x000000078e580000,0x000000078e7f8048,0x000000078e800000)
  to   space 1024K, 0% used [0x000000078e800000,0x000000078e800000,0x000000078e900000)
 ParOldGen       total 1549312K, used 1264291K [0x0000000700000000, 0x000000075e900000, 0x0000000780000000)
  object space 1549312K, 81% used [0x0000000700000000,0x000000074d2a8d78,0x000000075e900000)
 Metaspace       used 69703K, capacity 80523K, committed 80768K, reserved 1118208K
  class space    used 9560K, capacity 11884K, committed 11904K, reserved 1048576K
}
Event: 90535.106 GC heap before
{Heap before GC invocations=9297 (full 11):
 PSYoungGen      total 206336K, used 206304K [0x0000000780000000, 0x000000078e900000, 0x00000007c0000000)
  eden space 203776K, 100% used [0x0000000780000000,0x000000078c700000,0x000000078c700000)
  from space 2560K, 98% used [0x000000078e580000,0x000000078e7f8048,0x000000078e800000)
  to   space 1024K, 0% used [0x000000078e800000,0x000000078e800000,0x000000078e900000)
 ParOldGen       total 1549312K, used 1264291K [0x0000000700000000, 0x000000075e900000, 0x0000000780000000)
  object space 1549312K, 81% used [0x0000000700000000,0x000000074d2a8d78,0x000000075e900000)
 Metaspace       used 69703K, capacity 80523K, committed 80768K, reserved 1118208K
  class space    used 9560K, capacity 11884K, committed 11904K, reserved 1048576K
Event: 90535.116 GC heap after
Heap after GC invocations=9297 (full 11):
 PSYoungGen      total 203264K, used 832K [0x0000000780000000, 0x000000078e900000, 0x00000007c0000000)
  eden space 202240K, 0% used [0x0000000780000000,0x0000000780000000,0x000000078c580000)
  from space 1024K, 81% used [0x000000078e800000,0x000000078e8d0048,0x000000078e900000)
  to   space 4096K, 0% used [0x000000078e100000,0x000000078e100000,0x000000078e500000)
 ParOldGen       total 1549312K, used 1264403K [0x0000000700000000, 0x000000075e900000, 0x0000000780000000)
  object space 1549312K, 81% used [0x0000000700000000,0x000000074d2c4d78,0x000000075e900000)
 Metaspace       used 69703K, capacity 80523K, committed 80768K, reserved 1118208K
  class space    used 9560K, capacity 11884K, committed 11904K, reserved 1048576K
}
Event: 90673.357 GC heap before
{Heap before GC invocations=9298 (full 11):
 PSYoungGen      total 203264K, used 203072K [0x0000000780000000, 0x000000078e900000, 0x00000007c0000000)
  eden space 202240K, 100% used [0x0000000780000000,0x000000078c580000,0x000000078c580000)
  from space 1024K, 81% used [0x000000078e800000,0x000000078e8d0048,0x000000078e900000)
  to   space 4096K, 0% used [0x000000078e100000,0x000000078e100000,0x000000078e500000)
 ParOldGen       total 1549312K, used 1264403K [0x0000000700000000, 0x000000075e900000, 0x0000000780000000)
  object space 1549312K, 81% used [0x0000000700000000,0x000000074d2c4d78,0x000000075e900000)
 Metaspace       used 69703K, capacity 80523K, committed 80768K, reserved 1118208K
  class space    used 9560K, capacity 11884K, committed 11904K, reserved 1048576K
Event: 90673.366 GC heap after
Heap after GC invocations=9298 (full 11):
 PSYoungGen      total 204800K, used 736K [0x0000000780000000, 0x000000078e880000, 0x00000007c0000000)
  eden space 200704K, 0% used [0x0000000780000000,0x0000000780000000,0x000000078c400000)
  from space 4096K, 17% used [0x000000078e100000,0x000000078e1b8048,0x000000078e500000)
  to   space 3584K, 0% used [0x000000078e500000,0x000000078e500000,0x000000078e880000)
 ParOldGen       total 1549312K, used 1264403K [0x0000000700000000, 0x000000075e900000, 0x0000000780000000)
  object space 1549312K, 81% used [0x0000000700000000,0x000000074d2c4d78,0x000000075e900000)
 Metaspace       used 69703K, capacity 80523K, committed 80768K, reserved 1118208K
  class space    used 9560K, capacity 11884K, committed 11904K, reserved 1048576K
}
Event: 90797.507 GC heap before
{Heap before GC invocations=9299 (full 11):
 PSYoungGen      total 204800K, used 201440K [0x0000000780000000, 0x000000078e880000, 0x00000007c0000000)
  eden space 200704K, 100% used [0x0000000780000000,0x000000078c400000,0x000000078c400000)
  from space 4096K, 17% used [0x000000078e100000,0x000000078e1b8048,0x000000078e500000)
  to   space 3584K, 0% used [0x000000078e500000,0x000000078e500000,0x000000078e880000)
 ParOldGen       total 1549312K, used 1264403K [0x0000000700000000, 0x000000075e900000, 0x0000000780000000)
  object space 1549312K, 81% used [0x0000000700000000,0x000000074d2c4d78,0x000000075e900000)
 Metaspace       used 69703K, capacity 80523K, committed 80768K, reserved 1118208K
  class space    used 9560K, capacity 11884K, committed 11904K, reserved 1048576K
Event: 90797.516 GC heap after
Heap after GC invocations=9299 (full 11):
 PSYoungGen      total 200192K, used 736K [0x0000000780000000, 0x000000078e600000, 0x00000007c0000000)
  eden space 199168K, 0% used [0x0000000780000000,0x0000000780000000,0x000000078c280000)
  from space 1024K, 71% used [0x000000078e500000,0x000000078e5b8048,0x000000078e600000)
  to   space 3584K, 0% used [0x000000078df00000,0x000000078df00000,0x000000078e280000)
 ParOldGen       total 1549312K, used 1264451K [0x0000000700000000, 0x000000075e900000, 0x0000000780000000)
  object space 1549312K, 81% used [0x0000000700000000,0x000000074d2d0d78,0x000000075e900000)
 Metaspace       used 69703K, capacity 80523K, committed 80768K, reserved 1118208K
  class space    used 9560K, capacity 11884K, committed 11904K, reserved 1048576K
}
Event: 90933.807 GC heap before
{Heap before GC invocations=9300 (full 11):
 PSYoungGen      total 200192K, used 199904K [0x0000000780000000, 0x000000078e600000, 0x00000007c0000000)
  eden space 199168K, 100% used [0x0000000780000000,0x000000078c280000,0x000000078c280000)
  from space 1024K, 71% used [0x000000078e500000,0x000000078e5b8048,0x000000078e600000)
  to   space 3584K, 0% used [0x000000078df00000,0x000000078df00000,0x000000078e280000)
 ParOldGen       total 1549312K, used 1264451K [0x0000000700000000, 0x000000075e900000, 0x0000000780000000)
  object space 1549312K, 81% used [0x0000000700000000,0x000000074d2d0d78,0x000000075e900000)
 Metaspace       used 69703K, capacity 80523K, committed 80768K, reserved 1118208K
  class space    used 9560K, capacity 11884K, committed 11904K, reserved 1048576K
Event: 90933.815 GC heap after
Heap after GC invocations=9300 (full 11):
 PSYoungGen      total 198656K, used 704K [0x0000000780000000, 0x000000078e580000, 0x00000007c0000000)
  eden space 197632K, 0% used [0x0000000780000000,0x0000000780000000,0x000000078c100000)
  from space 1024K, 68% used [0x000000078df00000,0x000000078dfb0048,0x000000078e000000)
  to   space 3584K, 0% used [0x000000078e200000,0x000000078e200000,0x000000078e580000)
 ParOldGen       total 1549312K, used 1264515K [0x0000000700000000, 0x000000075e900000, 0x0000000780000000)
  object space 1549312K, 81% used [0x0000000700000000,0x000000074d2e0d78,0x000000075e900000)
 Metaspace       used 69703K, capacity 80523K, committed 80768K, reserved 1118208K
  class space    used 9560K, capacity 11884K, committed 11904K, reserved 1048576K
}

