# JRE version: Java(TM) SE Runtime Environment (8.0_191-b12) (build 1.8.0_191-b12)
# Java VM: Java HotSpot(TM) 64-Bit Server VM (25.191-b12 mixed mode linux-amd64 compressed oops)
Heap:
 PSYoungGen      total 993280K, used 29843K [0x0000000780000000, 0x00000007c0000000, 0x00000007c0000000)
  eden space 937984K, 0% used [0x0000000780000000,0x0000000780000000,0x00000007b9400000)
  from space 55296K, 53% used [0x00000007b9400000,0x00000007bb124d78,0x00000007bca00000)
  to   space 55296K, 0% used [0x00000007bca00000,0x00000007bca00000,0x00000007c0000000)
 ParOldGen       total 130560K, used 130275K [0x0000000700000000, 0x0000000707f80000, 0x0000000780000000)
  object space 130560K, 99% used [0x0000000700000000,0x0000000707f38cb0,0x0000000707f80000)
 Metaspace       used 43778K, capacity 46772K, committed 47144K, reserved 1089536K
  class space    used 6035K, capacity 6825K, committed 6952K, reserved 1048576K
GC Heap History (10 events):
Event: 24.406 GC heap after
Heap after GC invocations=27 (full 2):
 PSYoungGen      total 901632K, used 21792K [0x0000000780000000, 0x00000007bce80000, 0x00000007c0000000)
  eden space 872960K, 0% used [0x0000000780000000,0x0000000780000000,0x00000007b5480000)
  from space 28672K, 76% used [0x00000007b5480000,0x00000007b69c8320,0x00000007b7080000)
  to   space 30720K, 0% used [0x00000007bb080000,0x00000007bb080000,0x00000007bce80000)
 ParOldGen       total 130560K, used 72766K [0x0000000700000000, 0x0000000707f80000, 0x0000000780000000)
  object space 130560K, 55% used [0x0000000700000000,0x000000070470fb40,0x0000000707f80000)
 Metaspace       used 39945K, capacity 42702K, committed 42792K, reserved 1085440K
  class space    used 5644K, capacity 6402K, committed 6440K, reserved 1048576K
}
Event: 25.251 GC heap before
{Heap before GC invocations=28 (full 2):
 PSYoungGen      total 901632K, used 894752K [0x0000000780000000, 0x00000007bce80000, 0x00000007c0000000)
  eden space 872960K, 100% used [0x0000000780000000,0x00000007b5480000,0x00000007b5480000)
  from space 28672K, 76% used [0x00000007b5480000,0x00000007b69c8320,0x00000007b7080000)
  to   space 30720K, 0% used [0x00000007bb080000,0x00000007bb080000,0x00000007bce80000)
 ParOldGen       total 130560K, used 72766K [0x0000000700000000, 0x0000000707f80000, 0x0000000780000000)
  object space 130560K, 55% used [0x0000000700000000,0x000000070470fb40,0x0000000707f80000)
 Metaspace       used 39966K, capacity 42702K, committed 42792K, reserved 1085440K
  class space    used 5644K, capacity 6402K, committed 6440K, reserved 1048576K
Event: 25.286 GC heap after
Heap after GC invocations=28 (full 2):
 PSYoungGen      total 965632K, used 22944K [0x0000000780000000, 0x00000007bdc00000, 0x00000007c0000000)
  eden space 934912K, 0% used [0x0000000780000000,0x0000000780000000,0x00000007b9100000)
  from space 30720K, 74% used [0x00000007bb080000,0x00000007bc6e8320,0x00000007bce80000)
  to   space 32256K, 0% used [0x00000007b9100000,0x00000007b9100000,0x00000007bb080000)
 ParOldGen       total 130560K, used 72774K [0x0000000700000000, 0x0000000707f80000, 0x0000000780000000)
  object space 130560K, 55% used [0x0000000700000000,0x0000000704711b40,0x0000000707f80000)
 Metaspace       used 39966K, capacity 42702K, committed 42792K, reserved 1085440K
  class space    used 5644K, capacity 6402K, committed 6440K, reserved 1048576K
}
Event: 26.419 GC heap before
{Heap before GC invocations=29 (full 2):
 PSYoungGen      total 965632K, used 957856K [0x0000000780000000, 0x00000007bdc00000, 0x00000007c0000000)
  eden space 934912K, 100% used [0x0000000780000000,0x00000007b9100000,0x00000007b9100000)
  from space 30720K, 74% used [0x00000007bb080000,0x00000007bc6e8320,0x00000007bce80000)
  to   space 32256K, 0% used [0x00000007b9100000,0x00000007b9100000,0x00000007bb080000)
 ParOldGen       total 130560K, used 72774K [0x0000000700000000, 0x0000000707f80000, 0x0000000780000000)
  object space 130560K, 55% used [0x0000000700000000,0x0000000704711b40,0x0000000707f80000)
 Metaspace       used 40121K, capacity 42862K, committed 43048K, reserved 1085440K
  class space    used 5662K, capacity 6434K, committed 6440K, reserved 1048576K
Event: 26.470 GC heap after
Heap after GC invocations=29 (full 2):
 PSYoungGen      total 967168K, used 29824K [0x0000000780000000, 0x00000007c0000000, 0x00000007c0000000)
  eden space 934912K, 0% used [0x0000000780000000,0x0000000780000000,0x00000007b9100000)
  from space 32256K, 92% used [0x00000007b9100000,0x00000007bae203f0,0x00000007bb080000)
  to   space 36352K, 0% used [0x00000007bdc80000,0x00000007bdc80000,0x00000007c0000000)
 ParOldGen       total 130560K, used 72782K [0x0000000700000000, 0x0000000707f80000, 0x0000000780000000)
  object space 130560K, 55% used [0x0000000700000000,0x0000000704713b40,0x0000000707f80000)
 Metaspace       used 40121K, capacity 42862K, committed 43048K, reserved 1085440K
  class space    used 5662K, capacity 6434K, committed 6440K, reserved 1048576K
}
Event: 38.035 GC heap before
{Heap before GC invocations=30 (full 2):
 PSYoungGen      total 967168K, used 964736K [0x0000000780000000, 0x00000007c0000000, 0x00000007c0000000)
  eden space 934912K, 100% used [0x0000000780000000,0x00000007b9100000,0x00000007b9100000)
  from space 32256K, 92% used [0x00000007b9100000,0x00000007bae203f0,0x00000007bb080000)
  to   space 36352K, 0% used [0x00000007bdc80000,0x00000007bdc80000,0x00000007c0000000)
 ParOldGen       total 130560K, used 72782K [0x0000000700000000, 0x0000000707f80000, 0x0000000780000000)
  object space 130560K, 55% used [0x0000000700000000,0x0000000704713b40,0x0000000707f80000)
 Metaspace       used 40858K, capacity 43642K, committed 43944K, reserved 1087488K
  class space    used 5740K, capacity 6506K, committed 6568K, reserved 1048576K
Event: 38.105 GC heap after
Heap after GC invocations=30 (full 2):
 PSYoungGen      total 974336K, used 36329K [0x0000000780000000, 0x00000007c0000000, 0x00000007c0000000)
  eden space 937984K, 0% used [0x0000000780000000,0x0000000780000000,0x00000007b9400000)
  from space 36352K, 99% used [0x00000007bdc80000,0x00000007bfffa5d0,0x00000007c0000000)
  to   space 55296K, 0% used [0x00000007b9400000,0x00000007b9400000,0x00000007bca00000)
 ParOldGen       total 130560K, used 109393K [0x0000000700000000, 0x0000000707f80000, 0x0000000780000000)
  object space 130560K, 83% used [0x0000000700000000,0x0000000706ad46d8,0x0000000707f80000)
 Metaspace       used 40858K, capacity 43642K, committed 43944K, reserved 1087488K
  class space    used 5740K, capacity 6506K, committed 6568K, reserved 1048576K
}
Event: 96.287 GC heap before
{Heap before GC invocations=31 (full 2):
 PSYoungGen      total 974336K, used 974313K [0x0000000780000000, 0x00000007c0000000, 0x00000007c0000000)
  eden space 937984K, 100% used [0x0000000780000000,0x00000007b9400000,0x00000007b9400000)
  from space 36352K, 99% used [0x00000007bdc80000,0x00000007bfffa5d0,0x00000007c0000000)
  to   space 55296K, 0% used [0x00000007b9400000,0x00000007b9400000,0x00000007bca00000)
 ParOldGen       total 130560K, used 109393K [0x0000000700000000, 0x0000000707f80000, 0x0000000780000000)
  object space 130560K, 83% used [0x0000000700000000,0x0000000706ad46d8,0x0000000707f80000)
 Metaspace       used 43778K, capacity 46772K, committed 47144K, reserved 1089536K
  class space    used 6035K, capacity 6825K, committed 6952K, reserved 1048576K
Event: 96.454 GC heap after
Heap after GC invocations=31 (full 2):
 PSYoungGen      total 993280K, used 55281K [0x0000000780000000, 0x00000007c0000000, 0x00000007c0000000)
  eden space 937984K, 0% used [0x0000000780000000,0x0000000780000000,0x00000007b9400000)
  from space 55296K, 99% used [0x00000007b9400000,0x00000007bc9fc428,0x00000007bca00000)
  to   space 55296K, 0% used [0x00000007bca00000,0x00000007bca00000,0x00000007c0000000)
 ParOldGen       total 130560K, used 113176K [0x0000000700000000, 0x0000000707f80000, 0x0000000780000000)
  object space 130560K, 86% used [0x0000000700000000,0x0000000706e863c0,0x0000000707f80000)
 Metaspace       used 43778K, capacity 46772K, committed 47144K, reserved 1089536K
  class space    used 6035K, capacity 6825K, committed 6952K, reserved 1048576K
}
Event: 96.463 GC heap before
{Heap before GC invocations=32 (full 3):
 PSYoungGen      total 993280K, used 55281K [0x0000000780000000, 0x00000007c0000000, 0x00000007c0000000)
  eden space 937984K, 0% used [0x0000000780000000,0x0000000780000000,0x00000007b9400000)
  from space 55296K, 99% used [0x00000007b9400000,0x00000007bc9fc428,0x00000007bca00000)
  to   space 55296K, 0% used [0x00000007bca00000,0x00000007bca00000,0x00000007c0000000)
 ParOldGen       total 130560K, used 113176K [0x0000000700000000, 0x0000000707f80000, 0x0000000780000000)
  object space 130560K, 86% used [0x0000000700000000,0x0000000706e863c0,0x0000000707f80000)
 Metaspace       used 43778K, capacity 46772K, committed 47144K, reserved 1089536K
  class space    used 6035K, capacity 6825K, committed 6952K, reserved 1048576K

