# JRE version: Java(TM) SE Runtime Environment (8.0_191-b12) (build 1.8.0_191-b12)
# Java VM: Java HotSpot(TM) 64-Bit Server VM (25.191-b12 mixed mode linux-amd64 compressed oops)
Heap:
 PSYoungGen      total 1013248K, used 6918K [0x0000000780000000, 0x00000007c0000000, 0x00000007c0000000)
  eden space 977920K, 0% used [0x0000000780000000,0x0000000780000000,0x00000007bbb00000)
  from space 35328K, 19% used [0x00000007bbb00000,0x00000007bc1c19c0,0x00000007bdd80000)
  to   space 35328K, 0% used [0x00000007bdd80000,0x00000007bdd80000,0x00000007c0000000)
 ParOldGen       total 135680K, used 135220K [0x0000000700000000, 0x0000000708480000, 0x0000000780000000)
  object space 135680K, 99% used [0x0000000700000000,0x000000070840d0f8,0x0000000708480000)
 Metaspace       used 40847K, capacity 43641K, committed 43904K, reserved 1087488K
  class space    used 5740K, capacity 6506K, committed 6528K, reserved 1048576K
GC Heap History (10 events):
Event: 35.204 GC heap after
Heap after GC invocations=25 (full 2):
 PSYoungGen      total 871936K, used 17920K [0x0000000780000000, 0x00000007bb880000, 0x00000007c0000000)
  eden space 845824K, 0% used [0x0000000780000000,0x0000000780000000,0x00000007b3a00000)
  from space 26112K, 68% used [0x00000007b3a00000,0x00000007b4b80290,0x00000007b5380000)
  to   space 27136K, 0% used [0x00000007b9e00000,0x00000007b9e00000,0x00000007bb880000)
 ParOldGen       total 135680K, used 71892K [0x0000000700000000, 0x0000000708480000, 0x0000000780000000)
  object space 135680K, 52% used [0x0000000700000000,0x00000007046350d0,0x0000000708480000)
 Metaspace       used 39640K, capacity 42351K, committed 42496K, reserved 1085440K
  class space    used 5624K, capacity 6395K, committed 6400K, reserved 1048576K
}
Event: 36.016 GC heap before
{Heap before GC invocations=26 (full 2):
 PSYoungGen      total 871936K, used 863744K [0x0000000780000000, 0x00000007bb880000, 0x00000007c0000000)
  eden space 845824K, 100% used [0x0000000780000000,0x00000007b3a00000,0x00000007b3a00000)
  from space 26112K, 68% used [0x00000007b3a00000,0x00000007b4b80290,0x00000007b5380000)
  to   space 27136K, 0% used [0x00000007b9e00000,0x00000007b9e00000,0x00000007bb880000)
 ParOldGen       total 135680K, used 71892K [0x0000000700000000, 0x0000000708480000, 0x0000000780000000)
  object space 135680K, 52% used [0x0000000700000000,0x00000007046350d0,0x0000000708480000)
 Metaspace       used 39724K, capacity 42497K, committed 42752K, reserved 1085440K
  class space    used 5632K, capacity 6398K, committed 6400K, reserved 1048576K
Event: 36.030 GC heap after
Heap after GC invocations=26 (full 2):
 PSYoungGen      total 945152K, used 21568K [0x0000000780000000, 0x00000007bb980000, 0x00000007c0000000)
  eden space 918016K, 0% used [0x0000000780000000,0x0000000780000000,0x00000007b8080000)
  from space 27136K, 79% used [0x00000007b9e00000,0x00000007bb3102c0,0x00000007bb880000)
  to   space 29184K, 0% used [0x00000007b8080000,0x00000007b8080000,0x00000007b9d00000)
 ParOldGen       total 135680K, used 71900K [0x0000000700000000, 0x0000000708480000, 0x0000000780000000)
  object space 135680K, 52% used [0x0000000700000000,0x00000007046370d0,0x0000000708480000)
 Metaspace       used 39724K, capacity 42497K, committed 42752K, reserved 1085440K
  class space    used 5632K, capacity 6398K, committed 6400K, reserved 1048576K
}
Event: 36.805 GC heap before
{Heap before GC invocations=27 (full 2):
 PSYoungGen      total 945152K, used 939584K [0x0000000780000000, 0x00000007bb980000, 0x00000007c0000000)
  eden space 918016K, 100% used [0x0000000780000000,0x00000007b8080000,0x00000007b8080000)
  from space 27136K, 79% used [0x00000007b9e00000,0x00000007bb3102c0,0x00000007bb880000)
  to   space 29184K, 0% used [0x00000007b8080000,0x00000007b8080000,0x00000007b9d00000)
 ParOldGen       total 135680K, used 71900K [0x0000000700000000, 0x0000000708480000, 0x0000000780000000)
  object space 135680K, 52% used [0x0000000700000000,0x00000007046370d0,0x0000000708480000)
 Metaspace       used 39878K, capacity 42641K, committed 42880K, reserved 1085440K
  class space    used 5643K, capacity 6402K, committed 6528K, reserved 1048576K
Event: 36.837 GC heap after
Heap after GC invocations=27 (full 2):
 PSYoungGen      total 947200K, used 23488K [0x0000000780000000, 0x00000007c0000000, 0x00000007c0000000)
  eden space 918016K, 0% used [0x0000000780000000,0x0000000780000000,0x00000007b8080000)
  from space 29184K, 80% used [0x00000007b8080000,0x00000007b9770320,0x00000007b9d00000)
  to   space 31232K, 0% used [0x00000007be180000,0x00000007be180000,0x00000007c0000000)
 ParOldGen       total 135680K, used 71908K [0x0000000700000000, 0x0000000708480000, 0x0000000780000000)
  object space 135680K, 52% used [0x0000000700000000,0x00000007046390d0,0x0000000708480000)
 Metaspace       used 39878K, capacity 42641K, committed 42880K, reserved 1085440K
  class space    used 5643K, capacity 6402K, committed 6528K, reserved 1048576K
}
Event: 38.871 GC heap before
{Heap before GC invocations=28 (full 2):
 PSYoungGen      total 947200K, used 941504K [0x0000000780000000, 0x00000007c0000000, 0x00000007c0000000)
  eden space 918016K, 99% used [0x0000000780000000,0x00000007b807ffe8,0x00000007b8080000)
  from space 29184K, 80% used [0x00000007b8080000,0x00000007b9770320,0x00000007b9d00000)
  to   space 31232K, 0% used [0x00000007be180000,0x00000007be180000,0x00000007c0000000)
 ParOldGen       total 135680K, used 71908K [0x0000000700000000, 0x0000000708480000, 0x0000000780000000)
  object space 135680K, 52% used [0x0000000700000000,0x00000007046390d0,0x0000000708480000)
 Metaspace       used 39968K, capacity 42705K, committed 42880K, reserved 1085440K
  class space    used 5645K, capacity 6402K, committed 6528K, reserved 1048576K
Event: 38.919 GC heap after
Heap after GC invocations=28 (full 2):
 PSYoungGen      total 1009152K, used 30272K [0x0000000780000000, 0x00000007c0000000, 0x00000007c0000000)
  eden space 977920K, 0% used [0x0000000780000000,0x0000000780000000,0x00000007bbb00000)
  from space 31232K, 96% used [0x00000007be180000,0x00000007bff10330,0x00000007c0000000)
  to   space 35328K, 0% used [0x00000007bbb00000,0x00000007bbb00000,0x00000007bdd80000)
 ParOldGen       total 135680K, used 71916K [0x0000000700000000, 0x0000000708480000, 0x0000000780000000)
  object space 135680K, 53% used [0x0000000700000000,0x000000070463b0d0,0x0000000708480000)
 Metaspace       used 39968K, capacity 42705K, committed 42880K, reserved 1085440K
  class space    used 5645K, capacity 6402K, committed 6528K, reserved 1048576K
}
Event: 56.750 GC heap before
{Heap before GC invocations=29 (full 2):
 PSYoungGen      total 1009152K, used 1008192K [0x0000000780000000, 0x00000007c0000000, 0x00000007c0000000)
  eden space 977920K, 100% used [0x0000000780000000,0x00000007bbb00000,0x00000007bbb00000)
  from space 31232K, 96% used [0x00000007be180000,0x00000007bff10330,0x00000007c0000000)
  to   space 35328K, 0% used [0x00000007bbb00000,0x00000007bbb00000,0x00000007bdd80000)
 ParOldGen       total 135680K, used 71916K [0x0000000700000000, 0x0000000708480000, 0x0000000780000000)
  object space 135680K, 53% used [0x0000000700000000,0x000000070463b0d0,0x0000000708480000)
 Metaspace       used 40847K, capacity 43641K, committed 43904K, reserved 1087488K
  class space    used 5740K, capacity 6506K, committed 6528K, reserved 1048576K
Event: 56.821 GC heap after
Heap after GC invocations=29 (full 2):
 PSYoungGen      total 1013248K, used 35305K [0x0000000780000000, 0x00000007c0000000, 0x00000007c0000000)
  eden space 977920K, 0% used [0x0000000780000000,0x0000000780000000,0x00000007bbb00000)
  from space 35328K, 99% used [0x00000007bbb00000,0x00000007bdd7a490,0x00000007bdd80000)
  to   space 35328K, 0% used [0x00000007bdd80000,0x00000007bdd80000,0x00000007c0000000)
 ParOldGen       total 135680K, used 113026K [0x0000000700000000, 0x0000000708480000, 0x0000000780000000)
  object space 135680K, 83% used [0x0000000700000000,0x0000000706e60800,0x0000000708480000)
 Metaspace       used 40847K, capacity 43641K, committed 43904K, reserved 1087488K
  class space    used 5740K, capacity 6506K, committed 6528K, reserved 1048576K
}
Event: 56.828 GC heap before
{Heap before GC invocations=30 (full 3):
 PSYoungGen      total 1013248K, used 35305K [0x0000000780000000, 0x00000007c0000000, 0x00000007c0000000)
  eden space 977920K, 0% used [0x0000000780000000,0x0000000780000000,0x00000007bbb00000)
  from space 35328K, 99% used [0x00000007bbb00000,0x00000007bdd7a490,0x00000007bdd80000)
  to   space 35328K, 0% used [0x00000007bdd80000,0x00000007bdd80000,0x00000007c0000000)
 ParOldGen       total 135680K, used 113026K [0x0000000700000000, 0x0000000708480000, 0x0000000780000000)
  object space 135680K, 83% used [0x0000000700000000,0x0000000706e60800,0x0000000708480000)
 Metaspace       used 40847K, capacity 43641K, committed 43904K, reserved 1087488K
  class space    used 5740K, capacity 6506K, committed 6528K, reserved 1048576K

