# JRE version: OpenJDK Runtime Environment (8.0_275-b01) (build 1.8.0_275-8u275-b01-0ubuntu1~18.04-b01)
# Java VM: OpenJDK 64-Bit Server VM (25.275-b01 mixed mode linux-amd64 compressed oops)
Heap:
 PSYoungGen      total 998400K, used 307906K [0x0000000780000000, 0x00000007c0000000, 0x00000007c0000000)
  eden space 949760K, 30% used [0x0000000780000000,0x0000000791980600,0x00000007b9f80000)
  from space 48640K, 40% used [0x00000007b9f80000,0x00000007bb2b04a0,0x00000007bcf00000)
  to   space 48640K, 0% used [0x00000007bd080000,0x00000007bd080000,0x00000007c0000000)
 ParOldGen       total 1460224K, used 1004463K [0x0000000700000000, 0x0000000759200000, 0x0000000780000000)
  object space 1460224K, 68% used [0x0000000700000000,0x000000073d4ebd00,0x0000000759200000)
 Metaspace       used 70598K, capacity 81095K, committed 81328K, reserved 1118208K
  class space    used 9905K, capacity 12095K, committed 12208K, reserved 1048576K
GC Heap History (10 events):
Event: 74423.365 GC heap before
{Heap before GC invocations=3250 (full 9):
 PSYoungGen      total 992768K, used 974133K [0x0000000780000000, 0x00000007bfd00000, 0x00000007c0000000)
  eden space 944128K, 100% used [0x0000000780000000,0x00000007b9a00000,0x00000007b9a00000)
  from space 48640K, 61% used [0x00000007bcd80000,0x00000007beacd7d0,0x00000007bfd00000)
  to   space 50688K, 0% used [0x00000007b9a00000,0x00000007b9a00000,0x00000007bcb80000)
 ParOldGen       total 1460224K, used 991824K [0x0000000700000000, 0x0000000759200000, 0x0000000780000000)
  object space 1460224K, 67% used [0x0000000700000000,0x000000073c894210,0x0000000759200000)
 Metaspace       used 70597K, capacity 81095K, committed 81328K, reserved 1118208K
  class space    used 9905K, capacity 12095K, committed 12208K, reserved 1048576K
Event: 74423.384 GC heap after
Heap after GC invocations=3250 (full 9):
 PSYoungGen      total 994816K, used 26977K [0x0000000780000000, 0x00000007c0000000, 0x00000007c0000000)
  eden space 944128K, 0% used [0x0000000780000000,0x0000000780000000,0x00000007b9a00000)
  from space 50688K, 53% used [0x00000007b9a00000,0x00000007bb4585e0,0x00000007bcb80000)
  to   space 50176K, 0% used [0x00000007bcf00000,0x00000007bcf00000,0x00000007c0000000)
 ParOldGen       total 1460224K, used 995173K [0x0000000700000000, 0x0000000759200000, 0x0000000780000000)
  object space 1460224K, 68% used [0x0000000700000000,0x000000073cbd9468,0x0000000759200000)
 Metaspace       used 70597K, capacity 81095K, committed 81328K, reserved 1118208K
  class space    used 9905K, capacity 12095K, committed 12208K, reserved 1048576K
}
Event: 74428.146 GC heap before
{Heap before GC invocations=3251 (full 9):
 PSYoungGen      total 994816K, used 971105K [0x0000000780000000, 0x00000007c0000000, 0x00000007c0000000)
  eden space 944128K, 100% used [0x0000000780000000,0x00000007b9a00000,0x00000007b9a00000)
  from space 50688K, 53% used [0x00000007b9a00000,0x00000007bb4585e0,0x00000007bcb80000)
  to   space 50176K, 0% used [0x00000007bcf00000,0x00000007bcf00000,0x00000007c0000000)
 ParOldGen       total 1460224K, used 995173K [0x0000000700000000, 0x0000000759200000, 0x0000000780000000)
  object space 1460224K, 68% used [0x0000000700000000,0x000000073cbd9468,0x0000000759200000)
 Metaspace       used 70597K, capacity 81095K, committed 81328K, reserved 1118208K
  class space    used 9905K, capacity 12095K, committed 12208K, reserved 1048576K
Event: 74428.171 GC heap after
Heap after GC invocations=3251 (full 9):
 PSYoungGen      total 996352K, used 26578K [0x0000000780000000, 0x00000007bfe80000, 0x00000007c0000000)
  eden space 947712K, 0% used [0x0000000780000000,0x0000000780000000,0x00000007b9d80000)
  from space 48640K, 54% used [0x00000007bcf00000,0x00000007be8f48d8,0x00000007bfe80000)
  to   space 49664K, 0% used [0x00000007b9d80000,0x00000007b9d80000,0x00000007bce00000)
 ParOldGen       total 1460224K, used 996465K [0x0000000700000000, 0x0000000759200000, 0x0000000780000000)
  object space 1460224K, 68% used [0x0000000700000000,0x000000073cd1c580,0x0000000759200000)
 Metaspace       used 70597K, capacity 81095K, committed 81328K, reserved 1118208K
  class space    used 9905K, capacity 12095K, committed 12208K, reserved 1048576K
}
Event: 74432.943 GC heap before
{Heap before GC invocations=3252 (full 9):
 PSYoungGen      total 996352K, used 974290K [0x0000000780000000, 0x00000007bfe80000, 0x00000007c0000000)
  eden space 947712K, 100% used [0x0000000780000000,0x00000007b9d80000,0x00000007b9d80000)
  from space 48640K, 54% used [0x00000007bcf00000,0x00000007be8f48d8,0x00000007bfe80000)
  to   space 49664K, 0% used [0x00000007b9d80000,0x00000007b9d80000,0x00000007bce00000)
 ParOldGen       total 1460224K, used 996465K [0x0000000700000000, 0x0000000759200000, 0x0000000780000000)
  object space 1460224K, 68% used [0x0000000700000000,0x000000073cd1c580,0x0000000759200000)
 Metaspace       used 70597K, capacity 81095K, committed 81328K, reserved 1118208K
  class space    used 9905K, capacity 12095K, committed 12208K, reserved 1048576K
Event: 74432.963 GC heap after
Heap after GC invocations=3252 (full 9):
 PSYoungGen      total 997376K, used 25137K [0x0000000780000000, 0x00000007c0000000, 0x00000007c0000000)
  eden space 947712K, 0% used [0x0000000780000000,0x0000000780000000,0x00000007b9d80000)
  from space 49664K, 50% used [0x00000007b9d80000,0x00000007bb60c580,0x00000007bce00000)
  to   space 49152K, 0% used [0x00000007bd000000,0x00000007bd000000,0x00000007c0000000)
 ParOldGen       total 1460224K, used 998041K [0x0000000700000000, 0x0000000759200000, 0x0000000780000000)
  object space 1460224K, 68% used [0x0000000700000000,0x000000073cea6708,0x0000000759200000)
 Metaspace       used 70597K, capacity 81095K, committed 81328K, reserved 1118208K
  class space    used 9905K, capacity 12095K, committed 12208K, reserved 1048576K
}
Event: 74437.895 GC heap before
{Heap before GC invocations=3253 (full 9):
 PSYoungGen      total 997376K, used 972849K [0x0000000780000000, 0x00000007c0000000, 0x00000007c0000000)
  eden space 947712K, 100% used [0x0000000780000000,0x00000007b9d80000,0x00000007b9d80000)
  from space 49664K, 50% used [0x00000007b9d80000,0x00000007bb60c580,0x00000007bce00000)
  to   space 49152K, 0% used [0x00000007bd000000,0x00000007bd000000,0x00000007c0000000)
 ParOldGen       total 1460224K, used 998041K [0x0000000700000000, 0x0000000759200000, 0x0000000780000000)
  object space 1460224K, 68% used [0x0000000700000000,0x000000073cea6708,0x0000000759200000)
 Metaspace       used 70597K, capacity 81095K, committed 81328K, reserved 1118208K
  class space    used 9905K, capacity 12095K, committed 12208K, reserved 1048576K
Event: 74437.917 GC heap after
Heap after GC invocations=3253 (full 9):
 PSYoungGen      total 997376K, used 25361K [0x0000000780000000, 0x00000007bfe80000, 0x00000007c0000000)
  eden space 949760K, 0% used [0x0000000780000000,0x0000000780000000,0x00000007b9f80000)
  from space 47616K, 53% used [0x00000007bd000000,0x00000007be8c4550,0x00000007bfe80000)
  to   space 48640K, 0% used [0x00000007b9f80000,0x00000007b9f80000,0x00000007bcf00000)
 ParOldGen       total 1460224K, used 998465K [0x0000000700000000, 0x0000000759200000, 0x0000000780000000)
  object space 1460224K, 68% used [0x0000000700000000,0x000000073cf107c8,0x0000000759200000)
 Metaspace       used 70597K, capacity 81095K, committed 81328K, reserved 1118208K
  class space    used 9905K, capacity 12095K, committed 12208K, reserved 1048576K
}
Event: 74442.695 GC heap before
{Heap before GC invocations=3254 (full 9):
 PSYoungGen      total 997376K, used 975121K [0x0000000780000000, 0x00000007bfe80000, 0x00000007c0000000)
  eden space 949760K, 100% used [0x0000000780000000,0x00000007b9f80000,0x00000007b9f80000)
  from space 47616K, 53% used [0x00000007bd000000,0x00000007be8c4550,0x00000007bfe80000)
  to   space 48640K, 0% used [0x00000007b9f80000,0x00000007b9f80000,0x00000007bcf00000)
 ParOldGen       total 1460224K, used 998465K [0x0000000700000000, 0x0000000759200000, 0x0000000780000000)
  object space 1460224K, 68% used [0x0000000700000000,0x000000073cf107c8,0x0000000759200000)
 Metaspace       used 70598K, capacity 81095K, committed 81328K, reserved 1118208K
  class space    used 9905K, capacity 12095K, committed 12208K, reserved 1048576K
Event: 74442.718 GC heap after
Heap after GC invocations=3254 (full 9):
 PSYoungGen      total 998400K, used 19649K [0x0000000780000000, 0x00000007c0000000, 0x00000007c0000000)
  eden space 949760K, 0% used [0x0000000780000000,0x0000000780000000,0x00000007b9f80000)
  from space 48640K, 40% used [0x00000007b9f80000,0x00000007bb2b04a0,0x00000007bcf00000)
  to   space 48640K, 0% used [0x00000007bd080000,0x00000007bd080000,0x00000007c0000000)
 ParOldGen       total 1460224K, used 1004463K [0x0000000700000000, 0x0000000759200000, 0x0000000780000000)
  object space 1460224K, 68% used [0x0000000700000000,0x000000073d4ebd00,0x0000000759200000)
 Metaspace       used 70598K, capacity 81095K, committed 81328K, reserved 1118208K
  class space    used 9905K, capacity 12095K, committed 12208K, reserved 1048576K
}

